This is XeTeX, Version 3.141592653-2.6-0.999994 (TeX Live 2022) (preloaded format=xelatex 2022.4.20)  19 JUL 2022 15:12
entering extended mode
 restricted \write18 enabled.
 %&-line parsing enabled.
**series.tex
(./series.tex
LaTeX2e <2021-11-15> patch level 1
L3 programming layer <2022-02-24> (/usr/local/texlive/2022/texmf-dist/tex/latex
/base/book.cls
Document Class: book 2021/10/04 v1.4n Standard LaTeX document class
(/usr/local/texlive/2022/texmf-dist/tex/latex/base/bk11.clo
File: bk11.clo 2021/10/04 v1.4n Standard LaTeX file (size option)
)
\c@part=\count181
\c@chapter=\count182
\c@section=\count183
\c@subsection=\count184
\c@subsubsection=\count185
\c@paragraph=\count186
\c@subparagraph=\count187
\c@figure=\count188
\c@table=\count189
\abovecaptionskip=\skip47
\belowcaptionskip=\skip48
\bibindent=\dimen138
) (/usr/local/texlive/2022/texmf-dist/tex/latex/amsmath/amsmath.sty
Package: amsmath 2021/10/15 v2.17l AMS math features
\@mathmargin=\skip49
For additional information on amsmath, use the `?' option.
(/usr/local/texlive/2022/texmf-dist/tex/latex/amsmath/amstext.sty
Package: amstext 2021/08/26 v2.01 AMS text
(/usr/local/texlive/2022/texmf-dist/tex/latex/amsmath/amsgen.sty
File: amsgen.sty 1999/11/30 v2.0 generic functions
\@emptytoks=\toks16
\ex@=\dimen139
)) (/usr/local/texlive/2022/texmf-dist/tex/latex/amsmath/amsbsy.sty
Package: amsbsy 1999/11/29 v1.2d Bold Symbols
\pmbraise@=\dimen140
) (/usr/local/texlive/2022/texmf-dist/tex/latex/amsmath/amsopn.sty
Package: amsopn 2021/08/26 v2.02 operator names
)
\inf@bad=\count190
LaTeX Info: Redefining \frac on input line 234.
\uproot@=\count191
\leftroot@=\count192
LaTeX Info: Redefining \overline on input line 399.
\classnum@=\count193
\DOTSCASE@=\count194
LaTeX Info: Redefining \ldots on input line 496.
LaTeX Info: Redefining \dots on input line 499.
LaTeX Info: Redefining \cdots on input line 620.
\Mathstrutbox@=\box50
\strutbox@=\box51
\big@size=\dimen141
LaTeX Font Info:    Redeclaring font encoding OML on input line 743.
LaTeX Font Info:    Redeclaring font encoding OMS on input line 744.
\macc@depth=\count195
\c@MaxMatrixCols=\count196
\dotsspace@=\muskip16
\c@parentequation=\count197
\dspbrk@lvl=\count198
\tag@help=\toks17
\row@=\count199
\column@=\count266
\maxfields@=\count267
\andhelp@=\toks18
\eqnshift@=\dimen142
\alignsep@=\dimen143
\tagshift@=\dimen144
\tagwidth@=\dimen145
\totwidth@=\dimen146
\lineht@=\dimen147
\@envbody=\toks19
\multlinegap=\skip50
\multlinetaggap=\skip51
\mathdisplay@stack=\toks20
LaTeX Info: Redefining \[ on input line 2938.
LaTeX Info: Redefining \] on input line 2939.
) (/usr/local/texlive/2022/texmf-dist/tex/latex/amsfonts/amssymb.sty
Package: amssymb 2013/01/14 v3.01 AMS font symbols
(/usr/local/texlive/2022/texmf-dist/tex/latex/amsfonts/amsfonts.sty
Package: amsfonts 2013/01/14 v3.01 Basic AMSFonts support
\symAMSa=\mathgroup4
\symAMSb=\mathgroup5
LaTeX Font Info:    Redeclaring math symbol \hbar on input line 98.
LaTeX Font Info:    Overwriting math alphabet `\mathfrak' in version `bold'
(Font)                  U/euf/m/n --> U/euf/b/n on input line 106.
)) (/usr/local/texlive/2022/texmf-dist/tex/latex/lm/lmodern.sty
Package: lmodern 2015/05/01 v1.6.1 Latin Modern Fonts
LaTeX Font Info:    Overwriting symbol font `operators' in version `normal'
(Font)                  OT1/cmr/m/n --> OT1/lmr/m/n on input line 22.
LaTeX Font Info:    Overwriting symbol font `letters' in version `normal'
(Font)                  OML/cmm/m/it --> OML/lmm/m/it on input line 23.
LaTeX Font Info:    Overwriting symbol font `symbols' in version `normal'
(Font)                  OMS/cmsy/m/n --> OMS/lmsy/m/n on input line 24.
LaTeX Font Info:    Overwriting symbol font `largesymbols' in version `normal'
(Font)                  OMX/cmex/m/n --> OMX/lmex/m/n on input line 25.
LaTeX Font Info:    Overwriting symbol font `operators' in version `bold'
(Font)                  OT1/cmr/bx/n --> OT1/lmr/bx/n on input line 26.
LaTeX Font Info:    Overwriting symbol font `letters' in version `bold'
(Font)                  OML/cmm/b/it --> OML/lmm/b/it on input line 27.
LaTeX Font Info:    Overwriting symbol font `symbols' in version `bold'
(Font)                  OMS/cmsy/b/n --> OMS/lmsy/b/n on input line 28.
LaTeX Font Info:    Overwriting symbol font `largesymbols' in version `bold'
(Font)                  OMX/cmex/m/n --> OMX/lmex/m/n on input line 29.
LaTeX Font Info:    Overwriting math alphabet `\mathbf' in version `normal'
(Font)                  OT1/cmr/bx/n --> OT1/lmr/bx/n on input line 31.
LaTeX Font Info:    Overwriting math alphabet `\mathsf' in version `normal'
(Font)                  OT1/cmss/m/n --> OT1/lmss/m/n on input line 32.
LaTeX Font Info:    Overwriting math alphabet `\mathit' in version `normal'
(Font)                  OT1/cmr/m/it --> OT1/lmr/m/it on input line 33.
LaTeX Font Info:    Overwriting math alphabet `\mathtt' in version `normal'
(Font)                  OT1/cmtt/m/n --> OT1/lmtt/m/n on input line 34.
LaTeX Font Info:    Overwriting math alphabet `\mathbf' in version `bold'
(Font)                  OT1/cmr/bx/n --> OT1/lmr/bx/n on input line 35.
LaTeX Font Info:    Overwriting math alphabet `\mathsf' in version `bold'
(Font)                  OT1/cmss/bx/n --> OT1/lmss/bx/n on input line 36.
LaTeX Font Info:    Overwriting math alphabet `\mathit' in version `bold'
(Font)                  OT1/cmr/bx/it --> OT1/lmr/bx/it on input line 37.
LaTeX Font Info:    Overwriting math alphabet `\mathtt' in version `bold'
(Font)                  OT1/cmtt/m/n --> OT1/lmtt/m/n on input line 38.
) (/usr/local/texlive/2022/texmf-dist/tex/generic/iftex/iftex.sty
Package: iftex 2022/02/03 v1.0f TeX engine tests
) (/usr/local/texlive/2022/texmf-dist/tex/latex/unicode-math/unicode-math.sty (
/usr/local/texlive/2022/texmf-dist/tex/latex/l3kernel/expl3.sty
Package: expl3 2022-02-24 L3 programming layer (loader) 
(/usr/local/texlive/2022/texmf-dist/tex/latex/l3backend/l3backend-xetex.def
File: l3backend-xetex.def 2022-02-07 L3 backend support: XeTeX
(|extractbb --version)
\c__kernel_sys_dvipdfmx_version_int=\count268
\l__color_backend_stack_int=\count269
\g__color_backend_stack_int=\count270
\g__graphics_track_int=\count271
\l__pdf_internal_box=\box52
\g__pdf_backend_object_int=\count272
\g__pdf_backend_annotation_int=\count273
\g__pdf_backend_link_int=\count274
))
Package: unicode-math 2020/01/31 v0.8q Unicode maths in XeLaTeX and LuaLaTeX

(/usr/local/texlive/2022/texmf-dist/tex/latex/unicode-math/unicode-math-xetex.s
ty
Package: unicode-math-xetex 2020/01/31 v0.8q Unicode maths in XeLaTeX and LuaLa
TeX
(/usr/local/texlive/2022/texmf-dist/tex/latex/l3packages/xparse/xparse.sty
Package: xparse 2022-01-12 L3 Experimental document command parser
) (/usr/local/texlive/2022/texmf-dist/tex/latex/l3packages/l3keys2e/l3keys2e.st
y
Package: l3keys2e 2022-01-12 LaTeX2e option processing using LaTeX3 keys
) (/usr/local/texlive/2022/texmf-dist/tex/latex/fontspec/fontspec.sty
Package: fontspec 2022/01/15 v2.8a Font selection for XeLaTeX and LuaLaTeX
(/usr/local/texlive/2022/texmf-dist/tex/latex/fontspec/fontspec-xetex.sty
Package: fontspec-xetex 2022/01/15 v2.8a Font selection for XeLaTeX and LuaLaTe
X
\l__fontspec_script_int=\count275
\l__fontspec_language_int=\count276
\l__fontspec_strnum_int=\count277
\l__fontspec_tmp_int=\count278
\l__fontspec_tmpa_int=\count279
\l__fontspec_tmpb_int=\count280
\l__fontspec_tmpc_int=\count281
\l__fontspec_em_int=\count282
\l__fontspec_emdef_int=\count283
\l__fontspec_strong_int=\count284
\l__fontspec_strongdef_int=\count285
\l__fontspec_tmpa_dim=\dimen148
\l__fontspec_tmpb_dim=\dimen149
\l__fontspec_tmpc_dim=\dimen150
(/usr/local/texlive/2022/texmf-dist/tex/latex/base/fontenc.sty
Package: fontenc 2021/04/29 v2.0v Standard LaTeX package
) (/usr/local/texlive/2022/texmf-dist/tex/latex/fontspec/fontspec.cfg))) (/usr/
local/texlive/2022/texmf-dist/tex/latex/base/fix-cm.sty
Package: fix-cm 2020/11/24 v1.1t fixes to LaTeX
(/usr/local/texlive/2022/texmf-dist/tex/latex/base/ts1enc.def
File: ts1enc.def 2001/06/05 v3.0e (jk/car/fm) Standard LaTeX file
LaTeX Font Info:    Redeclaring font encoding TS1 on input line 47.
))
\g__um_fam_int=\count286
\g__um_fonts_used_int=\count287
\l__um_primecount_int=\count288
\g__um_primekern_muskip=\muskip17

(/usr/local/texlive/2022/texmf-dist/tex/latex/unicode-math/unicode-math-table.t
ex))) (/usr/local/texlive/2022/texmf-dist/tex/latex/upquote/upquote.sty
Package: upquote 2012/04/19 v1.3 upright-quote and grave-accent glyphs in verba
tim
(/usr/local/texlive/2022/texmf-dist/tex/latex/base/textcomp.sty
Package: textcomp 2020/02/02 v2.0n Standard LaTeX package
)) (/usr/local/texlive/2022/texmf-dist/tex/latex/microtype/microtype.sty
Package: microtype 2022/03/14 v3.0d Micro-typographical refinements (RS)
(/usr/local/texlive/2022/texmf-dist/tex/latex/graphics/keyval.sty
Package: keyval 2014/10/28 v1.15 key=value parser (DPC)
\KV@toks@=\toks21
) (/usr/local/texlive/2022/texmf-dist/tex/latex/etoolbox/etoolbox.sty
Package: etoolbox 2020/10/05 v2.5k e-TeX tools for LaTeX (JAW)
\etb@tempcnta=\count289
)
\MT@toks=\toks22
\MT@tempbox=\box53
\MT@count=\count290
LaTeX Info: Redefining \noprotrusionifhmode on input line 1027.
LaTeX Info: Redefining \leftprotrusion on input line 1028.
LaTeX Info: Redefining \rightprotrusion on input line 1036.
LaTeX Info: Redefining \textls on input line 1195.
\MT@outer@kern=\dimen151
LaTeX Info: Redefining \textmicrotypecontext on input line 1781.
\MT@listname@count=\count291
(/usr/local/texlive/2022/texmf-dist/tex/latex/microtype/microtype-xetex.def
File: microtype-xetex.def 2022/03/14 v3.0d Definitions specific to xetex (RS)
LaTeX Info: Redefining \lsstyle on input line 236.
)
Package microtype Info: Loading configuration file microtype.cfg.
(/usr/local/texlive/2022/texmf-dist/tex/latex/microtype/microtype.cfg
File: microtype.cfg 2022/03/14 v3.0d microtype main configuration file (RS)
)) (/usr/local/texlive/2022/texmf-dist/tex/latex/parskip/parskip.sty
Package: parskip 2021-03-14 v2.0h non-zero parskip adjustments
(/usr/local/texlive/2022/texmf-dist/tex/latex/kvoptions/kvoptions.sty
Package: kvoptions 2020-10-07 v3.14 Key value format for package options (HO)
(/usr/local/texlive/2022/texmf-dist/tex/generic/ltxcmds/ltxcmds.sty
Package: ltxcmds 2020-05-10 v1.25 LaTeX kernel commands for general use (HO)
) (/usr/local/texlive/2022/texmf-dist/tex/generic/kvsetkeys/kvsetkeys.sty
Package: kvsetkeys 2019/12/15 v1.18 Key value parser (HO)
))) (/usr/local/texlive/2022/texmf-dist/tex/latex/xcolor/xcolor.sty
Package: xcolor 2021/10/31 v2.13 LaTeX color extensions (UK)
(/usr/local/texlive/2022/texmf-dist/tex/latex/graphics-cfg/color.cfg
File: color.cfg 2016/01/02 v1.6 sample color configuration
)
Package xcolor Info: Driver file: xetex.def on input line 227.
(/usr/local/texlive/2022/texmf-dist/tex/latex/graphics-def/xetex.def
File: xetex.def 2021/03/18 v5.0k Graphics/color driver for xetex
)
Package xcolor Info: Model `cmy' substituted by `cmy0' on input line 1352.
Package xcolor Info: Model `RGB' extended on input line 1368.
Package xcolor Info: Model `HTML' substituted by `rgb' on input line 1370.
Package xcolor Info: Model `Hsb' substituted by `hsb' on input line 1371.
Package xcolor Info: Model `tHsb' substituted by `hsb' on input line 1372.
Package xcolor Info: Model `HSB' substituted by `hsb' on input line 1373.
Package xcolor Info: Model `Gray' substituted by `gray' on input line 1374.
Package xcolor Info: Model `wave' substituted by `hsb' on input line 1375.
) (/usr/local/texlive/2022/texmf-dist/tex/latex/xurl/xurl.sty
Package: xurl 2022/01/09 v 0.10 modify URL breaks
(/usr/local/texlive/2022/texmf-dist/tex/latex/url/url.sty
\Urlmuskip=\muskip18
Package: url 2013/09/16  ver 3.4  Verb mode for urls, etc.
)) (/usr/local/texlive/2022/texmf-dist/tex/latex/bookmark/bookmark.sty
Package: bookmark 2020-11-06 v1.29 PDF bookmarks (HO)
(/usr/local/texlive/2022/texmf-dist/tex/latex/hyperref/hyperref.sty
Package: hyperref 2022-02-21 v7.00n Hypertext links for LaTeX
(/usr/local/texlive/2022/texmf-dist/tex/generic/pdftexcmds/pdftexcmds.sty
Package: pdftexcmds 2020-06-27 v0.33 Utility functions of pdfTeX for LuaTeX (HO
)
(/usr/local/texlive/2022/texmf-dist/tex/generic/infwarerr/infwarerr.sty
Package: infwarerr 2019/12/03 v1.5 Providing info/warning/error messages (HO)
)
Package pdftexcmds Info: \pdf@primitive is available.
Package pdftexcmds Info: \pdf@ifprimitive is available.
Package pdftexcmds Info: \pdfdraftmode not found.
) (/usr/local/texlive/2022/texmf-dist/tex/generic/kvdefinekeys/kvdefinekeys.sty
Package: kvdefinekeys 2019-12-19 v1.6 Define keys (HO)
) (/usr/local/texlive/2022/texmf-dist/tex/generic/pdfescape/pdfescape.sty
Package: pdfescape 2019/12/09 v1.15 Implements pdfTeX's escape features (HO)
) (/usr/local/texlive/2022/texmf-dist/tex/latex/hycolor/hycolor.sty
Package: hycolor 2020-01-27 v1.10 Color options for hyperref/bookmark (HO)
) (/usr/local/texlive/2022/texmf-dist/tex/latex/letltxmacro/letltxmacro.sty
Package: letltxmacro 2019/12/03 v1.6 Let assignment for LaTeX macros (HO)
) (/usr/local/texlive/2022/texmf-dist/tex/latex/auxhook/auxhook.sty
Package: auxhook 2019-12-17 v1.6 Hooks for auxiliary files (HO)
)
\@linkdim=\dimen152
\Hy@linkcounter=\count292
\Hy@pagecounter=\count293
(/usr/local/texlive/2022/texmf-dist/tex/latex/hyperref/pd1enc.def
File: pd1enc.def 2022-02-21 v7.00n Hyperref: PDFDocEncoding definition (HO)
) (/usr/local/texlive/2022/texmf-dist/tex/generic/intcalc/intcalc.sty
Package: intcalc 2019/12/15 v1.3 Expandable calculations with integers (HO)
) (/usr/local/texlive/2022/texmf-dist/tex/generic/etexcmds/etexcmds.sty
Package: etexcmds 2019/12/15 v1.7 Avoid name clashes with e-TeX commands (HO)
)
\Hy@SavedSpaceFactor=\count294
(/usr/local/texlive/2022/texmf-dist/tex/latex/hyperref/puenc.def
File: puenc.def 2022-02-21 v7.00n Hyperref: PDF Unicode definition (HO)
)
Package hyperref Info: Option `unicode' set `true' on input line 4018.
Package hyperref Info: Hyper figures OFF on input line 4137.
Package hyperref Info: Link nesting OFF on input line 4142.
Package hyperref Info: Hyper index ON on input line 4145.
Package hyperref Info: Plain pages OFF on input line 4152.
Package hyperref Info: Backreferencing OFF on input line 4157.
Package hyperref Info: Implicit mode ON; LaTeX internals redefined.
Package hyperref Info: Bookmarks ON on input line 4390.
\c@Hy@tempcnt=\count295
LaTeX Info: Redefining \url on input line 4749.
\XeTeXLinkMargin=\dimen153
(/usr/local/texlive/2022/texmf-dist/tex/generic/bitset/bitset.sty
Package: bitset 2019/12/09 v1.3 Handle bit-vector datatype (HO)
(/usr/local/texlive/2022/texmf-dist/tex/generic/bigintcalc/bigintcalc.sty
Package: bigintcalc 2019/12/15 v1.5 Expandable calculations on big integers (HO
)
))
\Fld@menulength=\count296
\Field@Width=\dimen154
\Fld@charsize=\dimen155
Package hyperref Info: Hyper figures OFF on input line 6027.
Package hyperref Info: Link nesting OFF on input line 6032.
Package hyperref Info: Hyper index ON on input line 6035.
Package hyperref Info: backreferencing OFF on input line 6042.
Package hyperref Info: Link coloring OFF on input line 6047.
Package hyperref Info: Link coloring with OCG OFF on input line 6052.
Package hyperref Info: PDF/A mode OFF on input line 6057.
LaTeX Info: Redefining \ref on input line 6097.
LaTeX Info: Redefining \pageref on input line 6101.
(/usr/local/texlive/2022/texmf-dist/tex/latex/base/atbegshi-ltx.sty
Package: atbegshi-ltx 2021/01/10 v1.0c Emulation of the original atbegshi
package with kernel methods
)
\Hy@abspage=\count297
\c@Item=\count298
\c@Hfootnote=\count299
)
Package hyperref Info: Driver (autodetected): hxetex.
(/usr/local/texlive/2022/texmf-dist/tex/latex/hyperref/hxetex.def
File: hxetex.def 2022-02-21 v7.00n Hyperref driver for XeTeX
(/usr/local/texlive/2022/texmf-dist/tex/generic/stringenc/stringenc.sty
Package: stringenc 2019/11/29 v1.12 Convert strings between diff. encodings (HO
)
)
\pdfm@box=\box54
\c@Hy@AnnotLevel=\count300
\HyField@AnnotCount=\count301
\Fld@listcount=\count302
\c@bookmark@seq@number=\count303

(/usr/local/texlive/2022/texmf-dist/tex/latex/rerunfilecheck/rerunfilecheck.sty
Package: rerunfilecheck 2019/12/05 v1.9 Rerun checks for auxiliary files (HO)
(/usr/local/texlive/2022/texmf-dist/tex/latex/base/atveryend-ltx.sty
Package: atveryend-ltx 2020/08/19 v1.0a Emulation of the original atveryend pac
kage
with kernel methods
)
(/usr/local/texlive/2022/texmf-dist/tex/generic/uniquecounter/uniquecounter.sty
Package: uniquecounter 2019/12/15 v1.4 Provide unlimited unique counter (HO)
)
Package uniquecounter Info: New unique counter `rerunfilecheck' on input line 2
86.
)
\Hy@SectionHShift=\skip52
) (/usr/local/texlive/2022/texmf-dist/tex/latex/bookmark/bkm-dvipdfm.def
File: bkm-dvipdfm.def 2020-11-06 v1.29 bookmark driver for dvipdfm (HO)
\BKM@id=\count304
)) (/usr/local/texlive/2022/texmf-dist/tex/latex/geometry/geometry.sty
Package: geometry 2020/01/02 v5.9 Page Geometry
(/usr/local/texlive/2022/texmf-dist/tex/generic/iftex/ifvtex.sty
Package: ifvtex 2019/10/25 v1.7 ifvtex legacy package. Use iftex instead.
)
\Gm@cnth=\count305
\Gm@cntv=\count306
\c@Gm@tempcnt=\count307
\Gm@bindingoffset=\dimen156
\Gm@wd@mp=\dimen157
\Gm@odd@mp=\dimen158
\Gm@even@mp=\dimen159
\Gm@layoutwidth=\dimen160
\Gm@layoutheight=\dimen161
\Gm@layouthoffset=\dimen162
\Gm@layoutvoffset=\dimen163
\Gm@dimlist=\toks23
) (/usr/local/texlive/2022/texmf-dist/tex/latex/fancyvrb/fancyvrb.sty
Package: fancyvrb 2021/12/21 4.1b verbatim text (tvz,hv)
\FV@CodeLineNo=\count308
\FV@InFile=\read2
\FV@TabBox=\box55
\c@FancyVerbLine=\count309
\FV@StepNumber=\count310
\FV@OutFile=\write3
) (/usr/local/texlive/2022/texmf-dist/tex/latex/framed/framed.sty
Package: framed 2011/10/22 v 0.96: framed or shaded text with page breaks
\OuterFrameSep=\skip53
\fb@frw=\dimen164
\fb@frh=\dimen165
\FrameRule=\dimen166
\FrameSep=\dimen167
) (/usr/local/texlive/2022/texmf-dist/tex/latex/tools/longtable.sty
Package: longtable 2021-09-01 v4.17 Multi-page Table package (DPC)
\LTleft=\skip54
\LTright=\skip55
\LTpre=\skip56
\LTpost=\skip57
\LTchunksize=\count311
\LTcapwidth=\dimen168
\LT@head=\box56
\LT@firsthead=\box57
\LT@foot=\box58
\LT@lastfoot=\box59
\LT@gbox=\box60
\LT@cols=\count312
\LT@rows=\count313
\c@LT@tables=\count314
\c@LT@chunks=\count315
\LT@p@ftn=\toks24
) (/usr/local/texlive/2022/texmf-dist/tex/latex/booktabs/booktabs.sty
Package: booktabs 2020/01/12 v1.61803398 Publication quality tables
\heavyrulewidth=\dimen169
\lightrulewidth=\dimen170
\cmidrulewidth=\dimen171
\belowrulesep=\dimen172
\belowbottomsep=\dimen173
\aboverulesep=\dimen174
\abovetopsep=\dimen175
\cmidrulesep=\dimen176
\cmidrulekern=\dimen177
\defaultaddspace=\dimen178
\@cmidla=\count316
\@cmidlb=\count317
\@aboverulesep=\dimen179
\@belowrulesep=\dimen180
\@thisruleclass=\count318
\@lastruleclass=\count319
\@thisrulewidth=\dimen181
) (/usr/local/texlive/2022/texmf-dist/tex/latex/tools/array.sty
Package: array 2021/10/04 v2.5f Tabular extension package (FMi)
\col@sep=\dimen182
\ar@mcellbox=\box61
\extrarowheight=\dimen183
\NC@list=\toks25
\extratabsurround=\skip58
\backup@length=\skip59
\ar@cellbox=\box62
) (/usr/local/texlive/2022/texmf-dist/tex/latex/tools/calc.sty
Package: calc 2017/05/25 v4.3 Infix arithmetic (KKT,FJ)
\calc@Acount=\count320
\calc@Bcount=\count321
\calc@Adimen=\dimen184
\calc@Bdimen=\dimen185
\calc@Askip=\skip60
\calc@Bskip=\skip61
LaTeX Info: Redefining \setlength on input line 80.
LaTeX Info: Redefining \addtolength on input line 81.
\calc@Ccount=\count322
\calc@Cskip=\skip62
) (/usr/local/texlive/2022/texmf-dist/tex/latex/footnotehyper/footnotehyper.sty
Package: footnotehyper 2021/08/13 v1.1e hyperref aware footnote.sty (JFB)
\FNH@notes=\box63
\FNH@width=\dimen186
\FNH@toks=\toks26
) (/usr/local/texlive/2022/texmf-dist/tex/latex/graphics/graphicx.sty
Package: graphicx 2021/09/16 v1.2d Enhanced LaTeX Graphics (DPC,SPQR)
(/usr/local/texlive/2022/texmf-dist/tex/latex/graphics/graphics.sty
Package: graphics 2021/03/04 v1.4d Standard LaTeX Graphics (DPC,SPQR)
(/usr/local/texlive/2022/texmf-dist/tex/latex/graphics/trig.sty
Package: trig 2021/08/11 v1.11 sin cos tan (DPC)
) (/usr/local/texlive/2022/texmf-dist/tex/latex/graphics-cfg/graphics.cfg
File: graphics.cfg 2016/06/04 v1.11 sample graphics configuration
)
Package graphics Info: Driver file: xetex.def on input line 107.
)
\Gin@req@height=\dimen187
\Gin@req@width=\dimen188
) (/usr/local/texlive/2022/texmf-dist/tex/latex/amscls/amsthm.sty
Package: amsthm 2020/05/29 v2.20.6
\thm@style=\toks27
\thm@bodyfont=\toks28
\thm@headfont=\toks29
\thm@notefont=\toks30
\thm@headpunct=\toks31
\thm@preskip=\skip63
\thm@postskip=\skip64
\thm@headsep=\skip65
\dth@everypar=\toks32
) (/usr/local/texlive/2022/texmf-dist/tex/latex/fvextra/fvextra.sty
Package: fvextra 2019/02/04 v1.4 fvextra - extensions and patches for fancyvrb
(/usr/local/texlive/2022/texmf-dist/tex/latex/base/ifthen.sty
Package: ifthen 2020/11/24 v1.1c Standard LaTeX ifthen package (DPC)
) (/usr/local/texlive/2022/texmf-dist/tex/latex/lineno/lineno.sty
Package: lineno 2005/11/02 line numbers on paragraphs v4.41
Invalid UTF-8 byte or sequence at line 296 replaced by U+FFFD.
\linenopenalty=\count323
\output=\toks33
\linenoprevgraf=\count324
\linenumbersep=\dimen189
\linenumberwidth=\dimen190
\c@linenumber=\count325
\c@pagewiselinenumber=\count326
\c@LN@truepage=\count327
\c@internallinenumber=\count328
\c@internallinenumbers=\count329
\quotelinenumbersep=\dimen191
\bframerule=\dimen192
\bframesep=\dimen193
\bframebox=\box64
LaTeX Info: Redefining \\ on input line 3056.
)
\c@FV@TrueTabGroupLevel=\count330
\c@FV@TrueTabCounter=\count331
\FV@TabBox@Group=\box65
\FV@TmpLength=\skip66
\c@FV@HighlightLinesStart=\count332
\c@FV@HighlightLinesStop=\count333
\FV@LoopCount=\count334
\FV@NCharsBox=\box66
\FV@BreakIndent=\dimen194
\FV@BreakIndentNChars=\count335
\FV@BreakSymbolSepLeft=\dimen195
\FV@BreakSymbolSepLeftNChars=\count336
\FV@BreakSymbolSepRight=\dimen196
\FV@BreakSymbolSepRightNChars=\count337
\FV@BreakSymbolIndentLeft=\dimen197
\FV@BreakSymbolIndentLeftNChars=\count338
\FV@BreakSymbolIndentRight=\dimen198
\FV@BreakSymbolIndentRightNChars=\count339
\c@FancyVerbLineBreakLast=\count340
\FV@LineBox=\box67
\FV@LineIndentBox=\box68
\FV@LineWidth=\dimen199
) (/usr/local/texlive/2022/texmf-dist/tex/latex/multirow/multirow.sty
Package: multirow 2021/03/15 v2.8 Span multiple rows of a table
\multirow@colwidth=\skip67
\multirow@cntb=\count341
\multirow@dima=\skip68
\bigstrutjot=\dimen256
) (/usr/local/texlive/2022/texmf-dist/tex/latex/wrapfig/wrapfig.sty
\wrapoverhang=\dimen257
\WF@size=\dimen258
\c@WF@wrappedlines=\count342
\WF@box=\box69
\WF@everypar=\toks34
Package: wrapfig 2003/01/31  v 3.6
) (/usr/local/texlive/2022/texmf-dist/tex/latex/float/float.sty
Package: float 2001/11/08 v1.3d Float enhancements (AL)
\c@float@type=\count343
\float@exts=\toks35
\float@box=\box70
\@float@everytoks=\toks36
\@floatcapt=\box71
) (/usr/local/texlive/2022/texmf-dist/tex/latex/colortbl/colortbl.sty
Package: colortbl 2020/01/04 v1.0e Color table columns (DPC)
\everycr=\toks37
\minrowclearance=\skip69
) (/usr/local/texlive/2022/texmf-dist/tex/latex/pdflscape/pdflscape.sty
Package: pdflscape 2019/12/05 v0.12 Display of landscape pages in PDF (HO)
(/usr/local/texlive/2022/texmf-dist/tex/latex/graphics/lscape.sty
Package: lscape 2020/05/28 v3.02 Landscape Pages (DPC)
)
Package pdflscape Info: Auto-detected driver: dvipdfm (xetex) on input line 98.

) (/usr/local/texlive/2022/texmf-dist/tex/latex/tabu/tabu.sty
Package: tabu 2019/01/11 v2.9 - flexible LaTeX tabulars (FC+tabu-fixed)
(/usr/local/texlive/2022/texmf-dist/tex/latex/varwidth/varwidth.sty
Package: varwidth 2009/03/30 ver 0.92;  Variable-width minipages
\@vwid@box=\box72
\sift@deathcycles=\count344
\@vwid@loff=\dimen259
\@vwid@roff=\dimen260
)
\c@taburow=\count345
\tabu@nbcols=\count346
\tabu@cnt=\count347
\tabu@Xcol=\count348
\tabu@alloc=\count349
\tabu@nested=\count350
\tabu@target=\dimen261
\tabu@spreadtarget=\dimen262
\tabu@naturalX=\dimen263
\tabucolX=\dimen264
\tabu@Xsum=\dimen265
\extrarowdepth=\dimen266
\abovetabulinesep=\dimen267
\belowtabulinesep=\dimen268
\tabustrutrule=\dimen269
\tabu@thebody=\toks38
\tabu@footnotes=\toks39
\tabu@box=\box73
\tabu@arstrutbox=\box74
\tabu@hleads=\box75
\tabu@vleads=\box76
\tabu@cellskip=\skip70
)
(/usr/local/texlive/2022/texmf-dist/tex/latex/threeparttable/threeparttable.sty
Package: threeparttable 2003/06/13  v 3.0
\@tempboxb=\box77
)
(/usr/local/texlive/2022/texmf-dist/tex/latex/threeparttablex/threeparttablex.s
ty
Package: threeparttablex 2013/07/23 v0.3 by daleif
(/usr/local/texlive/2022/texmf-dist/tex/latex/environ/environ.sty
Package: environ 2014/05/04 v0.3 A new way to define environments
(/usr/local/texlive/2022/texmf-dist/tex/latex/trimspaces/trimspaces.sty
Package: trimspaces 2009/09/17 v1.1 Trim spaces around a token list
))
\TPTL@width=\skip71
) (/usr/local/texlive/2022/texmf-dist/tex/generic/ulem/ulem.sty
\UL@box=\box78
\UL@hyphenbox=\box79
\UL@skip=\skip72
\UL@hook=\toks40
\UL@height=\dimen270
\UL@pe=\count351
\UL@pixel=\dimen271
\ULC@box=\box80
Package: ulem 2019/11/18
\ULdepth=\dimen272
) (/usr/local/texlive/2022/texmf-dist/tex/latex/makecell/makecell.sty
Package: makecell 2009/08/03 V0.1e Managing of Tab Column Heads and Cells
\rotheadsize=\dimen273
\c@nlinenum=\count352
\TeXr@lab=\toks41
) (/usr/local/texlive/2022/texmf-dist/tex/latex/natbib/natbib.sty
Package: natbib 2010/09/13 8.31b (PWD, AO)
\bibhang=\skip73
\bibsep=\skip74
LaTeX Info: Redefining \cite on input line 694.
\c@NAT@ctr=\count353
)
\c@theorem=\count354
\c@lemma=\count355
\c@corollary=\count356
\c@proposition=\count357
\c@conjecture=\count358
\c@definition=\count359
\c@example=\count360
\c@exercise=\count361
\c@hypothesis=\count362
(./series.aux)
\openout1 = `series.aux'.

LaTeX Font Info:    Checking defaults for OML/cmm/m/it on input line 157.
LaTeX Font Info:    ... okay on input line 157.
LaTeX Font Info:    Checking defaults for OMS/cmsy/m/n on input line 157.
LaTeX Font Info:    ... okay on input line 157.
LaTeX Font Info:    Checking defaults for OT1/cmr/m/n on input line 157.
LaTeX Font Info:    ... okay on input line 157.
LaTeX Font Info:    Checking defaults for T1/cmr/m/n on input line 157.
LaTeX Font Info:    ... okay on input line 157.
LaTeX Font Info:    Checking defaults for TS1/cmr/m/n on input line 157.
LaTeX Font Info:    ... okay on input line 157.
LaTeX Font Info:    Checking defaults for TU/lmr/m/n on input line 157.
LaTeX Font Info:    ... okay on input line 157.
LaTeX Font Info:    Checking defaults for OMX/cmex/m/n on input line 157.
LaTeX Font Info:    ... okay on input line 157.
LaTeX Font Info:    Checking defaults for U/cmr/m/n on input line 157.
LaTeX Font Info:    ... okay on input line 157.
LaTeX Font Info:    Checking defaults for PD1/pdf/m/n on input line 157.
LaTeX Font Info:    ... okay on input line 157.
LaTeX Font Info:    Checking defaults for PU/pdf/m/n on input line 157.
LaTeX Font Info:    ... okay on input line 157.
LaTeX Font Info:    Overwriting math alphabet `\mathrm' in version `normal'
(Font)                  OT1/lmr/m/n --> TU/lmr/m/n on input line 157.
LaTeX Font Info:    Overwriting math alphabet `\mathit' in version `normal'
(Font)                  OT1/lmr/m/it --> TU/lmr/m/it on input line 157.
LaTeX Font Info:    Overwriting math alphabet `\mathbf' in version `normal'
(Font)                  OT1/lmr/bx/n --> TU/lmr/bx/n on input line 157.
LaTeX Font Info:    Overwriting math alphabet `\mathsf' in version `normal'
(Font)                  OT1/lmss/m/n --> TU/lmss/m/n on input line 157.
LaTeX Font Info:    Overwriting math alphabet `\mathsf' in version `bold'
(Font)                  OT1/lmss/bx/n --> TU/lmss/bx/n on input line 157.
LaTeX Font Info:    Overwriting math alphabet `\mathtt' in version `normal'
(Font)                  OT1/lmtt/m/n --> TU/lmtt/m/n on input line 157.
LaTeX Font Info:    Overwriting math alphabet `\mathtt' in version `bold'
(Font)                  OT1/lmtt/m/n --> TU/lmtt/bx/n on input line 157.

Package fontspec Info: latinmodern-math scale = 0.9999967668407183.


Package fontspec Info: latinmodern-math scale = 0.9999967668407183.


Package fontspec Info: latinmodern-math scale = 0.9999967668407183.


Package fontspec Info: Font family 'latinmodern-math.otf(0)' created for font
(fontspec)             'latinmodern-math.otf' with options
(fontspec)             [Scale=MatchLowercase,BoldItalicFont={},ItalicFont={},Sm
allCapsFont={},Script=Math,BoldFont={latinmodern-math.otf}].
(fontspec)              
(fontspec)              This font family consists of the following NFSS
(fontspec)             series/shapes:
(fontspec)              
(fontspec)             - 'normal' (m/n) with NFSS spec.:
(fontspec)             <->s*[0.9999967668407183]"[latinmodern-math.otf]/OT:scri
pt=math;language=dflt;"
(fontspec)             - 'small caps'  (m/sc) with NFSS spec.: 
(fontspec)             - 'bold' (b/n) with NFSS spec.:
(fontspec)             <->s*[0.9999967668407183]"[latinmodern-math.otf]/OT:scri
pt=math;language=dflt;"
(fontspec)             - 'bold small caps'  (b/sc) with NFSS spec.: 

LaTeX Font Info:    Font shape `TU/latinmodern-math.otf(0)/m/n' will be
(Font)              scaled to size 10.95pt on input line 157.

Package fontspec Info: latinmodern-math scale = 0.9999967668407183.


Package fontspec Info: latinmodern-math scale = 0.9999967668407183.


Package fontspec Info: latinmodern-math scale = 0.9999967668407183.


Package fontspec Info: latinmodern-math scale = 0.9999967668407183.


Package fontspec Info: latinmodern-math scale = 0.9999967668407183.


Package fontspec Info: Font family 'latinmodern-math.otf(1)' created for font
(fontspec)             'latinmodern-math.otf' with options
(fontspec)             [Scale=MatchLowercase,BoldItalicFont={},ItalicFont={},Sm
allCapsFont={},Script=Math,SizeFeatures={{Size=9.3075-},{Size=6.57-9.3075,Font=
latinmodern-math.otf,Style=MathScript},{Size=-6.57,Font=latinmodern-math.otf,St
yle=MathScriptScript}},BoldFont={latinmodern-math.otf}].
(fontspec)              
(fontspec)              This font family consists of the following NFSS
(fontspec)             series/shapes:
(fontspec)              
(fontspec)             - 'normal' (m/n) with NFSS spec.:
(fontspec)             <9.3075->s*[0.9999967668407183]"[latinmodern-math.otf]/O
T:script=math;language=dflt;"<6.57-9.3075>s*[0.9999967668407183]"[latinmodern-m
ath.otf]/OT:script=math;language=dflt;+ssty=0;"<-6.57>s*[0.9999967668407183]"[l
atinmodern-math.otf]/OT:script=math;language=dflt;+ssty=1;"
(fontspec)             - 'small caps'  (m/sc) with NFSS spec.: 
(fontspec)             - 'bold' (b/n) with NFSS spec.:
(fontspec)             <->s*[0.9999967668407183]"[latinmodern-math.otf]/OT:scri
pt=math;language=dflt;"
(fontspec)             - 'bold small caps'  (b/sc) with NFSS spec.: 

LaTeX Font Info:    Font shape `TU/latinmodern-math.otf(1)/m/n' will be
(Font)              scaled to size 10.95pt on input line 157.
LaTeX Font Info:    Encoding `OT1' has changed to `TU' for symbol font
(Font)              `operators' in the math version `normal' on input line 157.

LaTeX Font Info:    Overwriting symbol font `operators' in version `normal'
(Font)                  OT1/lmr/m/n --> TU/latinmodern-math.otf(1)/m/n on input
 line 157.
LaTeX Font Info:    Encoding `OT1' has changed to `TU' for symbol font
(Font)              `operators' in the math version `bold' on input line 157.
LaTeX Font Info:    Overwriting symbol font `operators' in version `bold'
(Font)                  OT1/lmr/bx/n --> TU/latinmodern-math.otf(1)/b/n on inpu
t line 157.

Package fontspec Info: latinmodern-math scale = 0.9999967668407183.


Package fontspec Info: latinmodern-math scale = 1.000096766517402.


Package fontspec Info: latinmodern-math scale = 0.9999967668407183.


Package fontspec Info: latinmodern-math scale = 1.000096766517402.


Package fontspec Info: latinmodern-math scale = 0.9999967668407183.


Package fontspec Info: latinmodern-math scale = 1.000096766517402.


Package fontspec Info: latinmodern-math scale = 0.9999967668407183.


Package fontspec Info: latinmodern-math scale = 1.000096766517402.


Package fontspec Info: latinmodern-math scale = 0.9999967668407183.


Package fontspec Info: latinmodern-math scale = 1.000096766517402.


Package fontspec Info: Font family 'latinmodern-math.otf(2)' created for font
(fontspec)             'latinmodern-math.otf' with options
(fontspec)             [Scale=MatchLowercase,BoldItalicFont={},ItalicFont={},Sm
allCapsFont={},Script=Math,SizeFeatures={{Size=9.3075-},{Size=6.57-9.3075,Font=
latinmodern-math.otf,Style=MathScript},{Size=-6.57,Font=latinmodern-math.otf,St
yle=MathScriptScript}},BoldFont={latinmodern-math.otf},ScaleAgain=1.0001,FontAd
justment={\fontdimen
(fontspec)             8\font =7.41315pt\relax \fontdimen 9\font
(fontspec)             =4.3143pt\relax \fontdimen 10\font =4.8618pt\relax
(fontspec)             \fontdimen 11\font =7.5117pt\relax \fontdimen 12\font
(fontspec)             =3.77776pt\relax \fontdimen 13\font =3.97485pt\relax
(fontspec)             \fontdimen 14\font =3.97485pt\relax \fontdimen 15\font
(fontspec)             =3.16455pt\relax \fontdimen 16\font =2.70465pt\relax
(fontspec)             \fontdimen 17\font =2.70465pt\relax \fontdimen 18\font
(fontspec)             =2.7375pt\relax \fontdimen 19\font =2.19pt\relax
(fontspec)             \fontdimen 22\font =2.7375pt\relax \fontdimen 20\font
(fontspec)             =0pt\relax \fontdimen 21\font =0pt\relax }].
(fontspec)              
(fontspec)              This font family consists of the following NFSS
(fontspec)             series/shapes:
(fontspec)              
(fontspec)             - 'normal' (m/n) with NFSS spec.:
(fontspec)             <9.3075->s*[1.000096766517402]"[latinmodern-math.otf]/OT
:script=math;language=dflt;"<6.57-9.3075>s*[1.000096766517402]"[latinmodern-mat
h.otf]/OT:script=math;language=dflt;+ssty=0;"<-6.57>s*[1.000096766517402]"[lati
nmodern-math.otf]/OT:script=math;language=dflt;+ssty=1;"
(fontspec)             - 'small caps'  (m/sc) with NFSS spec.: 
(fontspec)             and font adjustment code:
(fontspec)             \fontdimen 8\font =7.41315pt\relax \fontdimen 9\font
(fontspec)             =4.3143pt\relax \fontdimen 10\font =4.8618pt\relax
(fontspec)             \fontdimen 11\font =7.5117pt\relax \fontdimen 12\font
(fontspec)             =3.77776pt\relax \fontdimen 13\font =3.97485pt\relax
(fontspec)             \fontdimen 14\font =3.97485pt\relax \fontdimen 15\font
(fontspec)             =3.16455pt\relax \fontdimen 16\font =2.70465pt\relax
(fontspec)             \fontdimen 17\font =2.70465pt\relax \fontdimen 18\font
(fontspec)             =2.7375pt\relax \fontdimen 19\font =2.19pt\relax
(fontspec)             \fontdimen 22\font =2.7375pt\relax \fontdimen 20\font
(fontspec)             =0pt\relax \fontdimen 21\font =0pt\relax 
(fontspec)             - 'bold' (b/n) with NFSS spec.:
(fontspec)             <->s*[1.000096766517402]"[latinmodern-math.otf]/OT:scrip
t=math;language=dflt;"
(fontspec)             - 'bold small caps'  (b/sc) with NFSS spec.: 
(fontspec)             and font adjustment code:
(fontspec)             \fontdimen 8\font =7.41315pt\relax \fontdimen 9\font
(fontspec)             =4.3143pt\relax \fontdimen 10\font =4.8618pt\relax
(fontspec)             \fontdimen 11\font =7.5117pt\relax \fontdimen 12\font
(fontspec)             =3.77776pt\relax \fontdimen 13\font =3.97485pt\relax
(fontspec)             \fontdimen 14\font =3.97485pt\relax \fontdimen 15\font
(fontspec)             =3.16455pt\relax \fontdimen 16\font =2.70465pt\relax
(fontspec)             \fontdimen 17\font =2.70465pt\relax \fontdimen 18\font
(fontspec)             =2.7375pt\relax \fontdimen 19\font =2.19pt\relax
(fontspec)             \fontdimen 22\font =2.7375pt\relax \fontdimen 20\font
(fontspec)             =0pt\relax \fontdimen 21\font =0pt\relax 

LaTeX Font Info:    Encoding `OMS' has changed to `TU' for symbol font
(Font)              `symbols' in the math version `normal' on input line 157.
LaTeX Font Info:    Overwriting symbol font `symbols' in version `normal'
(Font)                  OMS/lmsy/m/n --> TU/latinmodern-math.otf(2)/m/n on inpu
t line 157.
LaTeX Font Info:    Encoding `OMS' has changed to `TU' for symbol font
(Font)              `symbols' in the math version `bold' on input line 157.
LaTeX Font Info:    Overwriting symbol font `symbols' in version `bold'
(Font)                  OMS/lmsy/b/n --> TU/latinmodern-math.otf(2)/b/n on inpu
t line 157.

Package fontspec Info: latinmodern-math scale = 0.9999967668407183.


Package fontspec Info: latinmodern-math scale = 0.9998967671640342.


Package fontspec Info: latinmodern-math scale = 0.9999967668407183.


Package fontspec Info: latinmodern-math scale = 0.9998967671640342.


Package fontspec Info: latinmodern-math scale = 0.9999967668407183.


Package fontspec Info: latinmodern-math scale = 0.9998967671640342.


Package fontspec Info: latinmodern-math scale = 0.9999967668407183.


Package fontspec Info: latinmodern-math scale = 0.9998967671640342.


Package fontspec Info: latinmodern-math scale = 0.9999967668407183.


Package fontspec Info: latinmodern-math scale = 0.9998967671640342.


Package fontspec Info: Font family 'latinmodern-math.otf(3)' created for font
(fontspec)             'latinmodern-math.otf' with options
(fontspec)             [Scale=MatchLowercase,BoldItalicFont={},ItalicFont={},Sm
allCapsFont={},Script=Math,SizeFeatures={{Size=9.3075-},{Size=6.57-9.3075,Font=
latinmodern-math.otf,Style=MathScript},{Size=-6.57,Font=latinmodern-math.otf,St
yle=MathScriptScript}},BoldFont={latinmodern-math.otf},ScaleAgain=0.9999,FontAd
justment={\fontdimen
(fontspec)             8\font =0.438pt\relax \fontdimen 9\font =2.19pt\relax
(fontspec)             \fontdimen 10\font =1.82864pt\relax \fontdimen 11\font
(fontspec)             =1.21545pt\relax \fontdimen 12\font =6.56999pt\relax
(fontspec)             \fontdimen 13\font =0pt\relax }].
(fontspec)              
(fontspec)              This font family consists of the following NFSS
(fontspec)             series/shapes:
(fontspec)              
(fontspec)             - 'normal' (m/n) with NFSS spec.:
(fontspec)             <9.3075->s*[0.9998967671640342]"[latinmodern-math.otf]/O
T:script=math;language=dflt;"<6.57-9.3075>s*[0.9998967671640342]"[latinmodern-m
ath.otf]/OT:script=math;language=dflt;+ssty=0;"<-6.57>s*[0.9998967671640342]"[l
atinmodern-math.otf]/OT:script=math;language=dflt;+ssty=1;"
(fontspec)             - 'small caps'  (m/sc) with NFSS spec.: 
(fontspec)             and font adjustment code:
(fontspec)             \fontdimen 8\font =0.438pt\relax \fontdimen 9\font
(fontspec)             =2.19pt\relax \fontdimen 10\font =1.82864pt\relax
(fontspec)             \fontdimen 11\font =1.21545pt\relax \fontdimen 12\font
(fontspec)             =6.56999pt\relax \fontdimen 13\font =0pt\relax 
(fontspec)             - 'bold' (b/n) with NFSS spec.:
(fontspec)             <->s*[0.9998967671640342]"[latinmodern-math.otf]/OT:scri
pt=math;language=dflt;"
(fontspec)             - 'bold small caps'  (b/sc) with NFSS spec.: 
(fontspec)             and font adjustment code:
(fontspec)             \fontdimen 8\font =0.438pt\relax \fontdimen 9\font
(fontspec)             =2.19pt\relax \fontdimen 10\font =1.82864pt\relax
(fontspec)             \fontdimen 11\font =1.21545pt\relax \fontdimen 12\font
(fontspec)             =6.56999pt\relax \fontdimen 13\font =0pt\relax 

LaTeX Font Info:    Encoding `OMX' has changed to `TU' for symbol font
(Font)              `largesymbols' in the math version `normal' on input line 1
57.
LaTeX Font Info:    Overwriting symbol font `largesymbols' in version `normal'
(Font)                  OMX/lmex/m/n --> TU/latinmodern-math.otf(3)/m/n on inpu
t line 157.
LaTeX Font Info:    Encoding `OMX' has changed to `TU' for symbol font
(Font)              `largesymbols' in the math version `bold' on input line 157
.
LaTeX Font Info:    Overwriting symbol font `largesymbols' in version `bold'
(Font)                  OMX/lmex/m/n --> TU/latinmodern-math.otf(3)/b/n on inpu
t line 157.
LaTeX Info: Redefining \microtypecontext on input line 157.
Package microtype Info: Applying patch `item' on input line 157.
Package microtype Info: Applying patch `toc' on input line 157.
Package microtype Info: Applying patch `eqnum' on input line 157.
Package microtype Info: Applying patch `footnote' on input line 157.
Package microtype Info: Character protrusion enabled (level 2).
Package microtype Info: Using protrusion set `basicmath'.
Package microtype Info: No adjustment of tracking.
Package microtype Info: No adjustment of spacing.
Package microtype Info: No adjustment of kerning.

(/usr/local/texlive/2022/texmf-dist/tex/latex/microtype/mt-LatinModernRoman.cfg
File: mt-LatinModernRoman.cfg 2021/02/21 v1.1 microtype config. file: Latin Mod
ern Roman (RS)
)
Package hyperref Info: Link coloring OFF on input line 157.
(/usr/local/texlive/2022/texmf-dist/tex/latex/hyperref/nameref.sty
Package: nameref 2021-04-02 v2.47 Cross-referencing by name of section
(/usr/local/texlive/2022/texmf-dist/tex/latex/refcount/refcount.sty
Package: refcount 2019/12/15 v3.6 Data extraction from label references (HO)
)
(/usr/local/texlive/2022/texmf-dist/tex/generic/gettitlestring/gettitlestring.s
ty
Package: gettitlestring 2019/12/15 v1.6 Cleanup title references (HO)
)
\c@section@level=\count363
)
LaTeX Info: Redefining \ref on input line 157.
LaTeX Info: Redefining \pageref on input line 157.
LaTeX Info: Redefining \nameref on input line 157.
*geometry* driver: auto-detecting
*geometry* detected driver: xetex
*geometry* verbose mode - [ preamble ] result:
* driver: xetex
* paper: <default>
* layout: <same size as paper>
* layoutoffset:(h,v)=(0.0pt,0.0pt)
* modes: twoside 
* h-part:(L,W,R)=(72.26999pt, 469.75502pt, 72.26999pt)
* v-part:(T,H,B)=(72.26999pt, 650.43001pt, 72.26999pt)
* \paperwidth=614.295pt
* \paperheight=794.96999pt
* \textwidth=469.75502pt
* \textheight=650.43001pt
* \oddsidemargin=0.0pt
* \evensidemargin=0.0pt
* \topmargin=-31.8738pt
* \headheight=12.0pt
* \headsep=19.8738pt
* \topskip=11.0pt
* \footskip=27.46295pt
* \marginparwidth=116.0pt
* \marginparsep=7.0pt
* \columnsep=10.0pt
* \skip\footins=10.0pt plus 4.0pt minus 2.0pt
* \hoffset=0.0pt
* \voffset=0.0pt
* \mag=1000
* \@twocolumnfalse
* \@twosidetrue
* \@mparswitchtrue
* \@reversemarginfalse
* (1in=72.27pt=25.4mm, 1cm=28.453pt)

LaTeX Font Info:    Font shape `TU/latinmodern-math.otf(1)/m/n' will be
(Font)              scaled to size 12.0pt on input line 159.
LaTeX Font Info:    Font shape `TU/latinmodern-math.otf(1)/m/n' will be
(Font)              scaled to size 8.0pt on input line 159.
LaTeX Font Info:    Font shape `TU/latinmodern-math.otf(1)/m/n' will be
(Font)              scaled to size 6.0pt on input line 159.
LaTeX Font Info:    Trying to load font information for OML+lmm on input line 1
59.
(/usr/local/texlive/2022/texmf-dist/tex/latex/lm/omllmm.fd
File: omllmm.fd 2015/05/01 v1.6.1 Font defs for Latin Modern
)
LaTeX Font Info:    Font shape `TU/latinmodern-math.otf(2)/m/n' will be
(Font)              scaled to size 12.0011pt on input line 159.
LaTeX Font Info:    Font shape `TU/latinmodern-math.otf(2)/m/n' will be
(Font)              scaled to size 8.00073pt on input line 159.
LaTeX Font Info:    Font shape `TU/latinmodern-math.otf(2)/m/n' will be
(Font)              scaled to size 6.00055pt on input line 159.
LaTeX Font Info:    Font shape `TU/latinmodern-math.otf(3)/m/n' will be
(Font)              scaled to size 11.99872pt on input line 159.
LaTeX Font Info:    Font shape `TU/latinmodern-math.otf(3)/m/n' will be
(Font)              scaled to size 7.99915pt on input line 159.
LaTeX Font Info:    Font shape `TU/latinmodern-math.otf(3)/m/n' will be
(Font)              scaled to size 5.99936pt on input line 159.
LaTeX Font Info:    Trying to load font information for U+msa on input line 159
.
(/usr/local/texlive/2022/texmf-dist/tex/latex/amsfonts/umsa.fd
File: umsa.fd 2013/01/14 v3.01 AMS symbols A
) (/usr/local/texlive/2022/texmf-dist/tex/latex/microtype/mt-msa.cfg
File: mt-msa.cfg 2006/02/04 v1.1 microtype config. file: AMS symbols (a) (RS)
)
LaTeX Font Info:    Trying to load font information for U+msb on input line 159
.
(/usr/local/texlive/2022/texmf-dist/tex/latex/amsfonts/umsb.fd
File: umsb.fd 2013/01/14 v3.01 AMS symbols B
) (/usr/local/texlive/2022/texmf-dist/tex/latex/microtype/mt-msb.cfg
File: mt-msb.cfg 2005/06/01 v1.0 microtype config. file: AMS symbols (b) (RS)
) [1


] [2

] (./series.toc
LaTeX Font Info:    Font shape `TU/latinmodern-math.otf(1)/m/n' will be
(Font)              scaled to size 7.665pt on input line 3.
LaTeX Font Info:    Font shape `TU/latinmodern-math.otf(1)/m/n' will be
(Font)              scaled to size 5.475pt on input line 3.
LaTeX Font Info:    Font shape `TU/latinmodern-math.otf(2)/m/n' will be
(Font)              scaled to size 10.95099pt on input line 3.
LaTeX Font Info:    Font shape `TU/latinmodern-math.otf(2)/m/n' will be
(Font)              scaled to size 7.66568pt on input line 3.
LaTeX Font Info:    Font shape `TU/latinmodern-math.otf(2)/m/n' will be
(Font)              scaled to size 5.4755pt on input line 3.
LaTeX Font Info:    Font shape `TU/latinmodern-math.otf(3)/m/n' will be
(Font)              scaled to size 10.94882pt on input line 3.
LaTeX Font Info:    Font shape `TU/latinmodern-math.otf(3)/m/n' will be
(Font)              scaled to size 7.66417pt on input line 3.
LaTeX Font Info:    Font shape `TU/latinmodern-math.otf(3)/m/n' will be
(Font)              scaled to size 5.47441pt on input line 3.
[3])
\tf@toc=\write4
\openout4 = `series.toc'.

[4]
Underfull \hbox (badness 10000) in paragraph at lines 177--178

 []

[5

] [6

]
Chapter 1.

Underfull \hbox (badness 10000) in paragraph at lines 203--211

 []


Underfull \hbox (badness 10000) in paragraph at lines 212--216

 []

[7]
Underfull \hbox (badness 10000) in paragraph at lines 219--223

 []


Underfull \hbox (badness 10000) in paragraph at lines 235--236

 []

[8] [9]
Overfull \hbox (7.39113pt too wide) in paragraph at lines 347--347
[]\TU/lmtt/m/n/10.95 ##      Rk Tm             G   Cmp   Att []Cmp%[]   Yds    
TD []TD%[]   Int []Int%[]   Lng[] 
 []


Overfull \hbox (7.39113pt too wide) in paragraph at lines 347--347
[]\TU/lmtt/m/n/10.95 ##   <dbl> <chr>      <dbl> <dbl> <dbl>  <dbl> <dbl> <dbl>
 <dbl> <dbl>  <dbl> <dbl>[] 
 []


Overfull \hbox (7.39113pt too wide) in paragraph at lines 347--347
[]\TU/lmtt/m/n/10.95 ## 1     1 Tampa Bay~    17   492   731   67.3  5229    43
   5.9    12    1.6    62[] 
 []


Overfull \hbox (7.39113pt too wide) in paragraph at lines 347--347
[]\TU/lmtt/m/n/10.95 ## 2     2 Los Angel~    17   443   674   65.7  4800    38
   5.6    15    2.2    72[] 
 []


Overfull \hbox (7.39113pt too wide) in paragraph at lines 347--347
[]\TU/lmtt/m/n/10.95 ## 3     3 Dallas Co~    17   444   647   68.6  4800    40
   6.2    11    1.7    73[] 
 []


Overfull \hbox (7.39113pt too wide) in paragraph at lines 347--347
[]\TU/lmtt/m/n/10.95 ## 4     4 Kansas Ci~    17   448   675   66.4  4791    37
   5.5    13    1.9    75[] 
 []


Overfull \hbox (7.39113pt too wide) in paragraph at lines 347--347
[]\TU/lmtt/m/n/10.95 ## 5     5 Los Angel~    17   406   607   66.9  4642    41
   6.8    18    3      79[] 
 []


Overfull \hbox (7.39113pt too wide) in paragraph at lines 347--347
[]\TU/lmtt/m/n/10.95 ## 6     6 Las Vegas~    17   429   628   68.3  4567    23
   3.7    14    2.2    61[] 
 []

[10]
Underfull \hbox (badness 10000) in paragraph at lines 369--374

 []


Underfull \hbox (badness 10000) in paragraph at lines 369--374

 []


Underfull \hbox (badness 10000) in paragraph at lines 369--374

 []


Underfull \hbox (badness 10000) in paragraph at lines 369--374

 []


Underfull \hbox (badness 10000) in paragraph at lines 369--374

 []


Underfull \hbox (badness 10000) in paragraph at lines 391--396

 []


Underfull \hbox (badness 10000) in paragraph at lines 391--396

 []


Underfull \hbox (badness 10000) in paragraph at lines 391--396

 []


Underfull \hbox (badness 10000) in paragraph at lines 391--396

 []


Underfull \hbox (badness 10000) in paragraph at lines 391--396

 []


Underfull \hbox (badness 10000) in paragraph at lines 414--419

 []


Underfull \hbox (badness 10000) in paragraph at lines 414--419

 []


Underfull \hbox (badness 10000) in paragraph at lines 414--419

 []


Underfull \hbox (badness 10000) in paragraph at lines 414--419

 []


Underfull \hbox (badness 10000) in paragraph at lines 414--419

 []

[11]
Underfull \hbox (badness 10000) in paragraph at lines 454--459

 []


Underfull \hbox (badness 10000) in paragraph at lines 454--459

 []


Underfull \hbox (badness 10000) in paragraph at lines 454--459

 []


Underfull \hbox (badness 10000) in paragraph at lines 454--459

 []


Underfull \hbox (badness 10000) in paragraph at lines 454--459

 []

[12]
Underfull \hbox (badness 10000) in paragraph at lines 525--530

 []


Underfull \hbox (badness 10000) in paragraph at lines 525--530

 []


Underfull \hbox (badness 10000) in paragraph at lines 525--530

 []


Underfull \hbox (badness 10000) in paragraph at lines 525--530

 []


Underfull \hbox (badness 10000) in paragraph at lines 525--530

 []

[13]
Underfull \hbox (badness 10000) in paragraph at lines 610--614

 []

[14]
Underfull \hbox (badness 10000) in paragraph at lines 678--683

 []


Underfull \hbox (badness 10000) in paragraph at lines 678--683

 []


Underfull \hbox (badness 10000) in paragraph at lines 678--683

 []


Underfull \hbox (badness 10000) in paragraph at lines 678--683

 []


Underfull \hbox (badness 10000) in paragraph at lines 678--683

 []

[15]
Overfull \hbox (7.39113pt too wide) in paragraph at lines 767--767
[]\TU/lmtt/m/n/10.95 ##      Rk Tm             G   Cmp   Att []Cmp%[]   Yds    
TD []TD%[]   Int []Int%[]   Lng[] 
 []


Overfull \hbox (7.39113pt too wide) in paragraph at lines 767--767
[]\TU/lmtt/m/n/10.95 ##   <dbl> <chr>      <dbl> <dbl> <dbl>  <dbl> <dbl> <dbl>
 <dbl> <dbl>  <dbl> <dbl>[] 
 []


Overfull \hbox (7.39113pt too wide) in paragraph at lines 767--767
[]\TU/lmtt/m/n/10.95 ## 1     1 Tampa Bay~    17   492   731   67.3  5229    43
   5.9    12    1.6    62[] 
 []


Overfull \hbox (7.39113pt too wide) in paragraph at lines 767--767
[]\TU/lmtt/m/n/10.95 ## 2     2 Los Angel~    17   443   674   65.7  4800    38
   5.6    15    2.2    72[] 
 []


Overfull \hbox (7.39113pt too wide) in paragraph at lines 767--767
[]\TU/lmtt/m/n/10.95 ## 3     3 Dallas Co~    17   444   647   68.6  4800    40
   6.2    11    1.7    73[] 
 []


Overfull \hbox (7.39113pt too wide) in paragraph at lines 767--767
[]\TU/lmtt/m/n/10.95 ## 4     4 Kansas Ci~    17   448   675   66.4  4791    37
   5.5    13    1.9    75[] 
 []


Overfull \hbox (7.39113pt too wide) in paragraph at lines 767--767
[]\TU/lmtt/m/n/10.95 ## 5     5 Los Angel~    17   406   607   66.9  4642    41
   6.8    18    3      79[] 
 []


Overfull \hbox (7.39113pt too wide) in paragraph at lines 767--767
[]\TU/lmtt/m/n/10.95 ## 6     6 Las Vegas~    17   429   628   68.3  4567    23
   3.7    14    2.2    61[] 
 []

[16]
File: series_files/figure-latex/hist-1.pdf Graphic file (type pdf)
<use series_files/figure-latex/hist-1.pdf>
[17]
File: series_files/figure-latex/hist2-1.pdf Graphic file (type pdf)
<use series_files/figure-latex/hist2-1.pdf>
[18]
File: series_files/figure-latex/hist3-1.pdf Graphic file (type pdf)
<use series_files/figure-latex/hist3-1.pdf>
[19]
File: series_files/figure-latex/bar-1.pdf Graphic file (type pdf)
<use series_files/figure-latex/bar-1.pdf>
[20]
File: series_files/figure-latex/bar2-1.pdf Graphic file (type pdf)
<use series_files/figure-latex/bar2-1.pdf>
[21]
File: series_files/figure-latex/bar3-1.pdf Graphic file (type pdf)
<use series_files/figure-latex/bar3-1.pdf>
[22]
File: series_files/figure-latex/unnamed-chunk-10-1.pdf Graphic file (type pdf)
<use series_files/figure-latex/unnamed-chunk-10-1.pdf>
[23]
File: series_files/figure-latex/scatter1-1.pdf Graphic file (type pdf)
<use series_files/figure-latex/scatter1-1.pdf>
[24]
File: series_files/figure-latex/scatter2-1.pdf Graphic file (type pdf)
<use series_files/figure-latex/scatter2-1.pdf>
[25]
File: series_files/figure-latex/scatter3-1.pdf Graphic file (type pdf)
<use series_files/figure-latex/scatter3-1.pdf>

Underfull \vbox (badness 2698) detected at line 961
 []


Overfull \vbox (5.67343pt too high) detected at line 961
 []

[26]
File: series_files/figure-latex/scatter4-1.pdf Graphic file (type pdf)
<use series_files/figure-latex/scatter4-1.pdf>
[27] [28]
LaTeX Font Info:    Font shape `TU/lmtt/bx/n' in size <10.95> not available
(Font)              Font shape `TU/lmtt/b/n' tried instead on input line 1042.
[29] [30] [31]
Underfull \hbox (badness 10000) in paragraph at lines 1206--1210

 []

[32]
Overfull \hbox (41.56355pt too wide) in paragraph at lines 1232--1247
 [][] 
 []

[33]
File: series_files/figure-latex/unnamed-chunk-17-1.pdf Graphic file (type pdf)
<use series_files/figure-latex/unnamed-chunk-17-1.pdf>
File: series_files/figure-latex/unnamed-chunk-17-2.pdf Graphic file (type pdf)
<use series_files/figure-latex/unnamed-chunk-17-2.pdf>

Underfull \vbox (badness 10000) has occurred while \output is active []

[34] [35] [36]
File: series_files/figure-latex/unnamed-chunk-19-1.pdf Graphic file (type pdf)
<use series_files/figure-latex/unnamed-chunk-19-1.pdf>
[37]
Underfull \hbox (badness 10000) in paragraph at lines 1409--1410

 []


Underfull \hbox (badness 10000) in paragraph at lines 1419--1420

 []


Underfull \hbox (badness 10000) in paragraph at lines 1421--1422

 []


Underfull \hbox (badness 10000) in paragraph at lines 1423--1424

 []

[38] [39]
Underfull \vbox (badness 1383) has occurred while \output is active []

[40]
File: series_files/figure-latex/unnamed-chunk-22-1.pdf Graphic file (type pdf)
<use series_files/figure-latex/unnamed-chunk-22-1.pdf>
[41]
File: series_files/figure-latex/unnamed-chunk-23-1.pdf Graphic file (type pdf)
<use series_files/figure-latex/unnamed-chunk-23-1.pdf>
[42] [43] [44]
Overfull \hbox (91.71626pt too wide) in paragraph at lines 1711--1720
 [][] 
 []


Overfull \hbox (8.7369pt too wide) in paragraph at lines 1727--1728
\TU/lmr/m/n/10.95 The authors of Basketball Data Science With Applications in 
R developed the \TU/lmtt/m/n/10.95 BasketballAnalyzeR
 []


Overfull \hbox (0.64862pt too wide) in paragraph at lines 1744--1755
 [][] 
 []

[45]
File: series_files/figure-latex/basketballanalyzer 3-1.pdf Graphic file (type p
df)
<use series_files/figure-latex/basketballanalyzer 3-1.pdf>
File: series_files/figure-latex/basketballanalyzer 4-1.pdf Graphic file (type p
df)
<use series_files/figure-latex/basketballanalyzer 4-1.pdf>

Underfull \vbox (badness 10000) has occurred while \output is active []

[46]
File: series_files/figure-latex/basketballanalyzer 5-1.pdf Graphic file (type p
df)
<use series_files/figure-latex/basketballanalyzer 5-1.pdf>

Underfull \vbox (badness 10000) has occurred while \output is active []

[47]
File: series_files/figure-latex/basketballanalyzer 6-1.pdf Graphic file (type p
df)
<use series_files/figure-latex/basketballanalyzer 6-1.pdf>

Underfull \vbox (badness 10000) has occurred while \output is active []

[48]
File: series_files/figure-latex/basketballanalyzer 7-1.pdf Graphic file (type p
df)
<use series_files/figure-latex/basketballanalyzer 7-1.pdf>

Underfull \vbox (badness 10000) has occurred while \output is active []

[49]
File: series_files/figure-latex/basketballanalyzer 7-2.pdf Graphic file (type p
df)
<use series_files/figure-latex/basketballanalyzer 7-2.pdf>
[50]
File: series_files/figure-latex/basketballanalyzer 7-3.pdf Graphic file (type p
df)
<use series_files/figure-latex/basketballanalyzer 7-3.pdf>
File: series_files/figure-latex/basketballanalyzer 8-1.pdf Graphic file (type p
df)
<use series_files/figure-latex/basketballanalyzer 8-1.pdf>

Underfull \vbox (badness 10000) has occurred while \output is active []

[51] [52] [53]
Overfull \hbox (53.38109pt too wide) in paragraph at lines 1935--1935
[]\TU/lmtt/m/n/10.95 read_csv[]([]"https://moneypuck.com/moneypuck/playerData/s
easonSummary/2021/regular/teams.csv"[])|  
 []


Underfull \vbox (badness 10000) has occurred while \output is active []

[54]
File: series_files/figure-latex/unnamed-chunk-26-1.pdf Graphic file (type pdf)
<use series_files/figure-latex/unnamed-chunk-26-1.pdf>

Underfull \vbox (badness 10000) has occurred while \output is active []

[55]
File: series_files/figure-latex/unnamed-chunk-27-1.pdf Graphic file (type pdf)
<use series_files/figure-latex/unnamed-chunk-27-1.pdf>

Underfull \vbox (badness 10000) has occurred while \output is active []

[56]
Overfull \hbox (41.31235pt too wide) in paragraph at lines 2083--2108
 [][] 
 []

[57]
File: series_files/figure-latex/unnamed-chunk-29-1.pdf Graphic file (type pdf)
<use series_files/figure-latex/unnamed-chunk-29-1.pdf>

Underfull \vbox (badness 2245) has occurred while \output is active []

[58] [59]
File: series_files/figure-latex/unnamed-chunk-30-1.pdf Graphic file (type pdf)
<use series_files/figure-latex/unnamed-chunk-30-1.pdf>
File: series_files/figure-latex/hockey ggplot 6-1.pdf Graphic file (type pdf)
<use series_files/figure-latex/hockey ggplot 6-1.pdf>

Underfull \vbox (badness 10000) has occurred while \output is active []

[60] [61]
Overfull \hbox (9.42702pt too wide) in paragraph at lines 2248--2273
 [][] 
 []

[62]
File: series_files/figure-latex/unnamed-chunk-32-1.pdf Graphic file (type pdf)
<use series_files/figure-latex/unnamed-chunk-32-1.pdf>
File: series_files/figure-latex/unnamed-chunk-33-1.pdf Graphic file (type pdf)
<use series_files/figure-latex/unnamed-chunk-33-1.pdf>

Underfull \vbox (badness 10000) has occurred while \output is active []

[63]
File: series_files/figure-latex/unnamed-chunk-34-1.pdf Graphic file (type pdf)
<use series_files/figure-latex/unnamed-chunk-34-1.pdf>

Underfull \vbox (badness 10000) has occurred while \output is active []

[64]
File: series_files/figure-latex/unnamed-chunk-34-2.pdf Graphic file (type pdf)
<use series_files/figure-latex/unnamed-chunk-34-2.pdf>

Underfull \vbox (badness 10000) has occurred while \output is active []

[65]
File: series_files/figure-latex/unnamed-chunk-35-1.pdf Graphic file (type pdf)
<use series_files/figure-latex/unnamed-chunk-35-1.pdf>

Underfull \vbox (badness 10000) has occurred while \output is active []

[66]
File: series_files/figure-latex/unnamed-chunk-35-2.pdf Graphic file (type pdf)
<use series_files/figure-latex/unnamed-chunk-35-2.pdf>

Underfull \vbox (badness 10000) has occurred while \output is active []

[67] [68] [69]
File: series_files/figure-latex/unnamed-chunk-39-1.pdf Graphic file (type pdf)
<use series_files/figure-latex/unnamed-chunk-39-1.pdf>
File: series_files/figure-latex/unnamed-chunk-40-1.pdf Graphic file (type pdf)
<use series_files/figure-latex/unnamed-chunk-40-1.pdf>

Underfull \vbox (badness 10000) has occurred while \output is active []

[70]
File: series_files/figure-latex/unnamed-chunk-41-1.pdf Graphic file (type pdf)
<use series_files/figure-latex/unnamed-chunk-41-1.pdf>

Underfull \vbox (badness 10000) has occurred while \output is active []

[71]
File: series_files/figure-latex/unnamed-chunk-42-1.pdf Graphic file (type pdf)
<use series_files/figure-latex/unnamed-chunk-42-1.pdf>

Underfull \vbox (badness 10000) has occurred while \output is active []

[72]
File: series_files/figure-latex/unnamed-chunk-43-1.pdf Graphic file (type pdf)
<use series_files/figure-latex/unnamed-chunk-43-1.pdf>

Underfull \vbox (badness 10000) has occurred while \output is active []

[73] [74]
Chapter 2.

Underfull \hbox (badness 10000) in paragraph at lines 2507--2512

 []


Underfull \hbox (badness 10000) in paragraph at lines 2507--2512

 []


Underfull \hbox (badness 10000) in paragraph at lines 2507--2512

 []


Underfull \hbox (badness 10000) in paragraph at lines 2507--2512

 []


Underfull \hbox (badness 10000) in paragraph at lines 2507--2512

 []


Underfull \hbox (badness 10000) in paragraph at lines 2517--2521

 []

[75

]
Underfull \hbox (badness 10000) in paragraph at lines 2541--2546

 []


Underfull \hbox (badness 10000) in paragraph at lines 2541--2546

 []


Underfull \hbox (badness 10000) in paragraph at lines 2541--2546

 []


Underfull \hbox (badness 10000) in paragraph at lines 2541--2546

 []


Underfull \hbox (badness 10000) in paragraph at lines 2541--2546

 []


Underfull \hbox (badness 10000) in paragraph at lines 2555--2560

 []


Underfull \hbox (badness 10000) in paragraph at lines 2555--2560

 []


Underfull \hbox (badness 10000) in paragraph at lines 2555--2560

 []


Underfull \hbox (badness 10000) in paragraph at lines 2555--2560

 []


Underfull \hbox (badness 10000) in paragraph at lines 2555--2560

 []


Underfull \hbox (badness 10000) in paragraph at lines 2569--2574

 []


Underfull \hbox (badness 10000) in paragraph at lines 2569--2574

 []


Underfull \hbox (badness 10000) in paragraph at lines 2569--2574

 []


Underfull \hbox (badness 10000) in paragraph at lines 2569--2574

 []


Underfull \hbox (badness 10000) in paragraph at lines 2569--2574

 []


Underfull \hbox (badness 10000) in paragraph at lines 2584--2589

 []


Underfull \hbox (badness 10000) in paragraph at lines 2584--2589

 []


Underfull \hbox (badness 10000) in paragraph at lines 2584--2589

 []


Underfull \hbox (badness 10000) in paragraph at lines 2584--2589

 []


Underfull \hbox (badness 10000) in paragraph at lines 2584--2589

 []

[76]
Underfull \hbox (badness 10000) in paragraph at lines 2598--2603

 []


Underfull \hbox (badness 10000) in paragraph at lines 2598--2603

 []


Underfull \hbox (badness 10000) in paragraph at lines 2598--2603

 []


Underfull \hbox (badness 10000) in paragraph at lines 2598--2603

 []


Underfull \hbox (badness 10000) in paragraph at lines 2598--2603

 []

[77]
Underfull \hbox (badness 10000) in paragraph at lines 2618--2620

 []


Underfull \hbox (badness 10000) in paragraph at lines 2620--2622

 []


Underfull \hbox (badness 10000) in paragraph at lines 2635--2637

 []

[78]
Underfull \hbox (badness 10000) in paragraph at lines 2657--2661

 []


Underfull \hbox (badness 10000) in paragraph at lines 2663--2667

 []


Underfull \hbox (badness 10000) in paragraph at lines 2670--2671

 []


Underfull \hbox (badness 10000) in paragraph at lines 2676--2680

 []


Underfull \hbox (badness 10000) in paragraph at lines 2682--2686

 []


Underfull \hbox (badness 10000) in paragraph at lines 2688--2692

 []


Underfull \hbox (badness 10000) in paragraph at lines 2694--2698

 []

[79]
Underfull \hbox (badness 10000) in paragraph at lines 2718--2722

 []


Underfull \hbox (badness 10000) in paragraph at lines 2724--2728

 []


Underfull \hbox (badness 10000) in paragraph at lines 2730--2734

 []


Underfull \hbox (badness 10000) in paragraph at lines 2736--2740

 []


Underfull \hbox (badness 10000) in paragraph at lines 2742--2746

 []


Underfull \hbox (badness 10000) in paragraph at lines 2748--2752

 []


Underfull \hbox (badness 10000) in paragraph at lines 2763--2766

 []


Underfull \hbox (badness 10000) in paragraph at lines 2763--2766

 []


Underfull \hbox (badness 10000) in paragraph at lines 2763--2766

 []

[80] [81]
Underfull \hbox (badness 10000) in paragraph at lines 2771--2774

 []


Underfull \hbox (badness 10000) in paragraph at lines 2785--2788

 []


Underfull \hbox (badness 10000) in paragraph at lines 2785--2788

 []


Underfull \hbox (badness 10000) in paragraph at lines 2785--2788

 []


Underfull \hbox (badness 10000) in paragraph at lines 2803--2806

 []


Underfull \hbox (badness 10000) in paragraph at lines 2803--2806

 []


Underfull \hbox (badness 10000) in paragraph at lines 2803--2806

 []


Underfull \hbox (badness 10000) in paragraph at lines 2814--2819

 []


Underfull \hbox (badness 10000) in paragraph at lines 2819--2824

 []


Underfull \hbox (badness 10000) in paragraph at lines 2824--2828

 []

[82]
Underfull \hbox (badness 10000) in paragraph at lines 2847--2850

 []


Underfull \hbox (badness 10000) in paragraph at lines 2847--2850

 []


Underfull \hbox (badness 10000) in paragraph at lines 2847--2850

 []


Underfull \hbox (badness 10000) in paragraph at lines 2859--2862

 []


Underfull \hbox (badness 10000) in paragraph at lines 2859--2862

 []


Underfull \hbox (badness 10000) in paragraph at lines 2859--2862

 []


Package amsmath Warning: Foreign command \atopwithdelims;
(amsmath)                \frac or \genfrac should be used instead
(amsmath)                 on input line 2864.


Underfull \hbox (badness 10000) in paragraph at lines 2875--2879

 []


Underfull \hbox (badness 10000) in paragraph at lines 2875--2879

 []


Underfull \hbox (badness 10000) in paragraph at lines 2875--2879

 []


Underfull \hbox (badness 10000) in paragraph at lines 2875--2879

 []


Underfull \hbox (badness 10000) in paragraph at lines 2888--2891

 []


Underfull \hbox (badness 10000) in paragraph at lines 2888--2891

 []


Underfull \hbox (badness 10000) in paragraph at lines 2888--2891

 []

[83]
Underfull \hbox (badness 10000) in paragraph at lines 2898--2902

 []


Underfull \hbox (badness 10000) in paragraph at lines 2898--2902

 []


Underfull \hbox (badness 10000) in paragraph at lines 2898--2902

 []


Underfull \hbox (badness 10000) in paragraph at lines 2898--2902

 []

[84]
Underfull \hbox (badness 10000) in paragraph at lines 2933--2934

 []


Underfull \hbox (badness 10000) in paragraph at lines 2972--2973

 []

[85]
Underfull \hbox (badness 10000) in paragraph at lines 2975--2978

 []


Underfull \hbox (badness 10000) in paragraph at lines 2975--2978

 []


Underfull \hbox (badness 10000) in paragraph at lines 2975--2978

 []


Underfull \hbox (badness 10000) in paragraph at lines 2984--2985

 []


Underfull \hbox (badness 10000) in paragraph at lines 2987--2990

 []


Underfull \hbox (badness 10000) in paragraph at lines 2987--2990

 []


Underfull \hbox (badness 10000) in paragraph at lines 2987--2990

 []


Underfull \hbox (badness 10000) in paragraph at lines 2996--2997

 []


Underfull \hbox (badness 10000) in paragraph at lines 2999--3002

 []


Underfull \hbox (badness 10000) in paragraph at lines 2999--3002

 []


Underfull \hbox (badness 10000) in paragraph at lines 2999--3002

 []


Underfull \hbox (badness 10000) in paragraph at lines 3007--3012

 []


Underfull \hbox (badness 10000) in paragraph at lines 3007--3012

 []


Underfull \hbox (badness 10000) in paragraph at lines 3007--3012

 []


Underfull \hbox (badness 10000) in paragraph at lines 3007--3012

 []


Underfull \hbox (badness 10000) in paragraph at lines 3007--3012

 []

[86]
Underfull \hbox (badness 10000) in paragraph at lines 3033--3038

 []


Underfull \hbox (badness 10000) in paragraph at lines 3038--3043

 []


Underfull \hbox (badness 10000) in paragraph at lines 3043--3047

 []


Underfull \hbox (badness 10000) in paragraph at lines 3072--3077

 []

[87]
Underfull \hbox (badness 10000) in paragraph at lines 3077--3082

 []


Underfull \hbox (badness 10000) in paragraph at lines 3082--3086

 []


Underfull \hbox (badness 10000) in paragraph at lines 3095--3100

 []


Underfull \hbox (badness 10000) in paragraph at lines 3100--3105

 []


Underfull \hbox (badness 10000) in paragraph at lines 3105--3109

 []


Underfull \hbox (badness 10000) in paragraph at lines 3126--3131

 []

[88]
Underfull \hbox (badness 10000) in paragraph at lines 3131--3136

 []


Underfull \hbox (badness 10000) in paragraph at lines 3136--3141

 []


Underfull \hbox (badness 10000) in paragraph at lines 3141--3146

 []


Underfull \hbox (badness 10000) in paragraph at lines 3146--3151

 []


Underfull \hbox (badness 10000) in paragraph at lines 3151--3155

 []

[89]
Underfull \hbox (badness 10000) in paragraph at lines 3172--3177

 []


Underfull \hbox (badness 10000) in paragraph at lines 3177--3182

 []


Underfull \hbox (badness 10000) in paragraph at lines 3182--3186

 []


Underfull \hbox (badness 10000) in paragraph at lines 3199--3204

 []


Underfull \hbox (badness 10000) in paragraph at lines 3204--3209

 []


Underfull \hbox (badness 10000) in paragraph at lines 3209--3214

 []

[90]
Underfull \hbox (badness 10000) in paragraph at lines 3214--3218

 []

[91]
Underfull \hbox (badness 10000) in paragraph at lines 3242--3245

 []


Underfull \hbox (badness 10000) in paragraph at lines 3242--3245

 []


Underfull \hbox (badness 10000) in paragraph at lines 3242--3245

 []


Underfull \hbox (badness 10000) in paragraph at lines 3250--3253

 []


Underfull \hbox (badness 10000) in paragraph at lines 3250--3253

 []


Underfull \hbox (badness 10000) in paragraph at lines 3250--3253

 []


Underfull \hbox (badness 10000) in paragraph at lines 3279--3284

 []


Underfull \hbox (badness 10000) in paragraph at lines 3279--3284

 []


Underfull \hbox (badness 10000) in paragraph at lines 3279--3284

 []


Underfull \hbox (badness 10000) in paragraph at lines 3279--3284

 []


Underfull \hbox (badness 10000) in paragraph at lines 3279--3284

 []

[92]
Underfull \hbox (badness 10000) in paragraph at lines 3289--3290

 []


Underfull \hbox (badness 10000) in paragraph at lines 3317--3322

 []


Underfull \hbox (badness 10000) in paragraph at lines 3317--3322

 []


Underfull \hbox (badness 10000) in paragraph at lines 3317--3322

 []


Underfull \hbox (badness 10000) in paragraph at lines 3317--3322

 []


Underfull \hbox (badness 10000) in paragraph at lines 3317--3322

 []


Underfull \hbox (badness 10000) in paragraph at lines 3327--3328

 []


Underfull \hbox (badness 10000) in paragraph at lines 3339--3340

 []


Underfull \hbox (badness 10000) in paragraph at lines 3346--3347

 []

[93]
Underfull \hbox (badness 10000) in paragraph at lines 3355--3360

 []


Underfull \hbox (badness 10000) in paragraph at lines 3355--3360

 []


Underfull \hbox (badness 10000) in paragraph at lines 3355--3360

 []


Underfull \hbox (badness 10000) in paragraph at lines 3355--3360

 []


Underfull \hbox (badness 10000) in paragraph at lines 3355--3360

 []

[94]
Underfull \hbox (badness 10000) in paragraph at lines 3390--3395

 []


Underfull \hbox (badness 10000) in paragraph at lines 3395--3400

 []


Underfull \hbox (badness 10000) in paragraph at lines 3400--3405

 []


Underfull \hbox (badness 10000) in paragraph at lines 3405--3410

 []


Underfull \hbox (badness 10000) in paragraph at lines 3410--3415

 []


Underfull \hbox (badness 10000) in paragraph at lines 3415--3419

 []

[95]
File: series_files/figure-latex/unnamed-chunk-47-1.pdf Graphic file (type pdf)
<use series_files/figure-latex/unnamed-chunk-47-1.pdf>

Underfull \hbox (badness 10000) in paragraph at lines 3460--3464

 []

[96] [97]
Underfull \hbox (badness 10000) in paragraph at lines 3507--3512

 []


Underfull \hbox (badness 10000) in paragraph at lines 3512--3517

 []


Underfull \hbox (badness 10000) in paragraph at lines 3517--3521

 []

[98]
File: series_files/figure-latex/unnamed-chunk-51-1.pdf Graphic file (type pdf)
<use series_files/figure-latex/unnamed-chunk-51-1.pdf>
[99]
Underfull \hbox (badness 10000) in paragraph at lines 3599--3603

 []

File: series_files/figure-latex/unnamed-chunk-53-1.pdf Graphic file (type pdf)
<use series_files/figure-latex/unnamed-chunk-53-1.pdf>

Underfull \vbox (badness 10000) has occurred while \output is active []

[100]
Overfull \hbox (7.03601pt too wide) in paragraph at lines 3663--3680
 [][] 
 []


Underfull \hbox (badness 10000) in paragraph at lines 3687--3691

 []


Underfull \vbox (badness 1990) has occurred while \output is active []

[101]
Underfull \hbox (badness 10000) in paragraph at lines 3698--3702

 []


Underfull \hbox (badness 10000) in paragraph at lines 3709--3713

 []

File: series_files/figure-latex/unnamed-chunk-55-1.pdf Graphic file (type pdf)
<use series_files/figure-latex/unnamed-chunk-55-1.pdf>

Underfull \hbox (badness 10000) in paragraph at lines 3735--3737
[][]
 []


Underfull \vbox (badness 10000) has occurred while \output is active []

[102]
File: series_files/figure-latex/unnamed-chunk-56-1.pdf Graphic file (type pdf)
<use series_files/figure-latex/unnamed-chunk-56-1.pdf>

Underfull \vbox (badness 10000) has occurred while \output is active []

[103]
Underfull \hbox (badness 10000) in paragraph at lines 3751--3756

 []

[104]
Underfull \hbox (badness 10000) in paragraph at lines 3813--3817

 []

[105]
File: series_files/figure-latex/unnamed-chunk-60-1.pdf Graphic file (type pdf)
<use series_files/figure-latex/unnamed-chunk-60-1.pdf>

Underfull \vbox (badness 10000) has occurred while \output is active []

[106]
Underfull \hbox (badness 10000) in paragraph at lines 3950--3954

 []

[107] [108]
Underfull \hbox (badness 10000) in paragraph at lines 3985--3990

 []


Underfull \hbox (badness 10000) in paragraph at lines 3990--3995

 []


Underfull \hbox (badness 10000) in paragraph at lines 3995--4000

 []


Underfull \hbox (badness 10000) in paragraph at lines 4000--4005

 []


Underfull \hbox (badness 10000) in paragraph at lines 4005--4009

 []

[109] [110] [111] [112] [113] [114] [115] [116]
Chapter 3.

Underfull \hbox (badness 10000) in paragraph at lines 4317--4318

 []

[117

] [118]
File: series_files/figure-latex/unnamed-chunk-68-1.pdf Graphic file (type pdf)
<use series_files/figure-latex/unnamed-chunk-68-1.pdf>

Underfull \vbox (badness 10000) has occurred while \output is active []

[119] [120] [121] [122]
Overfull \vbox (3.5878pt too high) detected at line 4641
 []

[123]
Overfull \vbox (3.58768pt too high) detected at line 4698
 []

[124]
Overfull \hbox (1.64238pt too wide) in paragraph at lines 4708--4708
[]\TU/lmtt/m/n/10.95 ##   6   7   8   9  10  11  12  13  14  15  16  17  18  19
  20  21  22  23  24  25[] 
 []


Overfull \hbox (1.64238pt too wide) in paragraph at lines 4708--4708
[]\TU/lmtt/m/n/10.95 ##   1   5  33 112 257 426 633 746 881 891 826 796 708 612
 556 450 357 311 284 226[] 
 []


Overfull \hbox (1.64238pt too wide) in paragraph at lines 4708--4708
[]\TU/lmtt/m/n/10.95 ##  26  27  28  29  30  31  32  33  34  35  36  37  38  39
  40  41  42  43  44  45[] 
 []


Overfull \hbox (1.64238pt too wide) in paragraph at lines 4708--4708
[]\TU/lmtt/m/n/10.95 ## 181 146 103  93  74  62  46  39  28  15  17  20  18  10
   8   3   7   3   2   2[] 
 []

File: series_files/figure-latex/unnamed-chunk-74-1.pdf Graphic file (type pdf)
<use series_files/figure-latex/unnamed-chunk-74-1.pdf>
[125]
File: series_files/figure-latex/unnamed-chunk-75-1.pdf Graphic file (type pdf)
<use series_files/figure-latex/unnamed-chunk-75-1.pdf>

Underfull \vbox (badness 10000) has occurred while \output is active []

[126] [127]
File: series_files/figure-latex/unnamed-chunk-76-1.pdf Graphic file (type pdf)
<use series_files/figure-latex/unnamed-chunk-76-1.pdf>
[128]
Chapter 4.
[129

] [130

]
Chapter 5.
File: series_files/figure-latex/correlation properties 2-1.pdf Graphic file (ty
pe pdf)
<use series_files/figure-latex/correlation properties 2-1.pdf>
File: series_files/figure-latex/correlation properties 2-2.pdf Graphic file (ty
pe pdf)
<use series_files/figure-latex/correlation properties 2-2.pdf>

Underfull \hbox (badness 10000) in paragraph at lines 4866--4867
[][]
 []


Underfull \vbox (badness 1418) has occurred while \output is active []

[131] [132] [133] [134

]
Chapter 6.
[135]
No file series.bbl.
[136] (./series.aux) ) 
Here is how much of TeX's memory you used:
 22657 strings out of 476179
 427383 string characters out of 5809544
 904888 words of memory out of 5000000
 42988 multiletter control sequences out of 15000+600000
 475878 words of font info for 90 fonts, out of 8000000 for 9000
 1348 hyphenation exceptions out of 8191
 86i,10n,121p,1003b,507s stack positions out of 10000i,1000n,20000p,200000b,200000s

Output written on series.pdf (136 pages).
