This is XeTeX, Version 3.141592653-2.6-0.999994 (TeX Live 2022) (preloaded format=xelatex 2022.4.20)  6 NOV 2022 22:18
entering extended mode
 restricted \write18 enabled.
 %&-line parsing enabled.
**textbook.tex
(./textbook.tex
LaTeX2e <2021-11-15> patch level 1
L3 programming layer <2022-02-24> (/usr/local/texlive/2022/texmf-dist/tex/latex
/base/book.cls
Document Class: book 2021/10/04 v1.4n Standard LaTeX document class
(/usr/local/texlive/2022/texmf-dist/tex/latex/base/bk11.clo
File: bk11.clo 2021/10/04 v1.4n Standard LaTeX file (size option)
)
\c@part=\count181
\c@chapter=\count182
\c@section=\count183
\c@subsection=\count184
\c@subsubsection=\count185
\c@paragraph=\count186
\c@subparagraph=\count187
\c@figure=\count188
\c@table=\count189
\abovecaptionskip=\skip47
\belowcaptionskip=\skip48
\bibindent=\dimen138
) (/usr/local/texlive/2022/texmf-dist/tex/latex/amsmath/amsmath.sty
Package: amsmath 2021/10/15 v2.17l AMS math features
\@mathmargin=\skip49
For additional information on amsmath, use the `?' option.
(/usr/local/texlive/2022/texmf-dist/tex/latex/amsmath/amstext.sty
Package: amstext 2021/08/26 v2.01 AMS text
(/usr/local/texlive/2022/texmf-dist/tex/latex/amsmath/amsgen.sty
File: amsgen.sty 1999/11/30 v2.0 generic functions
\@emptytoks=\toks16
\ex@=\dimen139
)) (/usr/local/texlive/2022/texmf-dist/tex/latex/amsmath/amsbsy.sty
Package: amsbsy 1999/11/29 v1.2d Bold Symbols
\pmbraise@=\dimen140
) (/usr/local/texlive/2022/texmf-dist/tex/latex/amsmath/amsopn.sty
Package: amsopn 2021/08/26 v2.02 operator names
)
\inf@bad=\count190
LaTeX Info: Redefining \frac on input line 234.
\uproot@=\count191
\leftroot@=\count192
LaTeX Info: Redefining \overline on input line 399.
\classnum@=\count193
\DOTSCASE@=\count194
LaTeX Info: Redefining \ldots on input line 496.
LaTeX Info: Redefining \dots on input line 499.
LaTeX Info: Redefining \cdots on input line 620.
\Mathstrutbox@=\box50
\strutbox@=\box51
\big@size=\dimen141
LaTeX Font Info:    Redeclaring font encoding OML on input line 743.
LaTeX Font Info:    Redeclaring font encoding OMS on input line 744.
\macc@depth=\count195
\c@MaxMatrixCols=\count196
\dotsspace@=\muskip16
\c@parentequation=\count197
\dspbrk@lvl=\count198
\tag@help=\toks17
\row@=\count199
\column@=\count266
\maxfields@=\count267
\andhelp@=\toks18
\eqnshift@=\dimen142
\alignsep@=\dimen143
\tagshift@=\dimen144
\tagwidth@=\dimen145
\totwidth@=\dimen146
\lineht@=\dimen147
\@envbody=\toks19
\multlinegap=\skip50
\multlinetaggap=\skip51
\mathdisplay@stack=\toks20
LaTeX Info: Redefining \[ on input line 2938.
LaTeX Info: Redefining \] on input line 2939.
) (/usr/local/texlive/2022/texmf-dist/tex/latex/amsfonts/amssymb.sty
Package: amssymb 2013/01/14 v3.01 AMS font symbols
(/usr/local/texlive/2022/texmf-dist/tex/latex/amsfonts/amsfonts.sty
Package: amsfonts 2013/01/14 v3.01 Basic AMSFonts support
\symAMSa=\mathgroup4
\symAMSb=\mathgroup5
LaTeX Font Info:    Redeclaring math symbol \hbar on input line 98.
LaTeX Font Info:    Overwriting math alphabet `\mathfrak' in version `bold'
(Font)                  U/euf/m/n --> U/euf/b/n on input line 106.
)) (/usr/local/texlive/2022/texmf-dist/tex/latex/lm/lmodern.sty
Package: lmodern 2015/05/01 v1.6.1 Latin Modern Fonts
LaTeX Font Info:    Overwriting symbol font `operators' in version `normal'
(Font)                  OT1/cmr/m/n --> OT1/lmr/m/n on input line 22.
LaTeX Font Info:    Overwriting symbol font `letters' in version `normal'
(Font)                  OML/cmm/m/it --> OML/lmm/m/it on input line 23.
LaTeX Font Info:    Overwriting symbol font `symbols' in version `normal'
(Font)                  OMS/cmsy/m/n --> OMS/lmsy/m/n on input line 24.
LaTeX Font Info:    Overwriting symbol font `largesymbols' in version `normal'
(Font)                  OMX/cmex/m/n --> OMX/lmex/m/n on input line 25.
LaTeX Font Info:    Overwriting symbol font `operators' in version `bold'
(Font)                  OT1/cmr/bx/n --> OT1/lmr/bx/n on input line 26.
LaTeX Font Info:    Overwriting symbol font `letters' in version `bold'
(Font)                  OML/cmm/b/it --> OML/lmm/b/it on input line 27.
LaTeX Font Info:    Overwriting symbol font `symbols' in version `bold'
(Font)                  OMS/cmsy/b/n --> OMS/lmsy/b/n on input line 28.
LaTeX Font Info:    Overwriting symbol font `largesymbols' in version `bold'
(Font)                  OMX/cmex/m/n --> OMX/lmex/m/n on input line 29.
LaTeX Font Info:    Overwriting math alphabet `\mathbf' in version `normal'
(Font)                  OT1/cmr/bx/n --> OT1/lmr/bx/n on input line 31.
LaTeX Font Info:    Overwriting math alphabet `\mathsf' in version `normal'
(Font)                  OT1/cmss/m/n --> OT1/lmss/m/n on input line 32.
LaTeX Font Info:    Overwriting math alphabet `\mathit' in version `normal'
(Font)                  OT1/cmr/m/it --> OT1/lmr/m/it on input line 33.
LaTeX Font Info:    Overwriting math alphabet `\mathtt' in version `normal'
(Font)                  OT1/cmtt/m/n --> OT1/lmtt/m/n on input line 34.
LaTeX Font Info:    Overwriting math alphabet `\mathbf' in version `bold'
(Font)                  OT1/cmr/bx/n --> OT1/lmr/bx/n on input line 35.
LaTeX Font Info:    Overwriting math alphabet `\mathsf' in version `bold'
(Font)                  OT1/cmss/bx/n --> OT1/lmss/bx/n on input line 36.
LaTeX Font Info:    Overwriting math alphabet `\mathit' in version `bold'
(Font)                  OT1/cmr/bx/it --> OT1/lmr/bx/it on input line 37.
LaTeX Font Info:    Overwriting math alphabet `\mathtt' in version `bold'
(Font)                  OT1/cmtt/m/n --> OT1/lmtt/m/n on input line 38.
) (/usr/local/texlive/2022/texmf-dist/tex/generic/iftex/iftex.sty
Package: iftex 2022/02/03 v1.0f TeX engine tests
) (/usr/local/texlive/2022/texmf-dist/tex/latex/unicode-math/unicode-math.sty (
/usr/local/texlive/2022/texmf-dist/tex/latex/l3kernel/expl3.sty
Package: expl3 2022-02-24 L3 programming layer (loader) 
(/usr/local/texlive/2022/texmf-dist/tex/latex/l3backend/l3backend-xetex.def
File: l3backend-xetex.def 2022-02-07 L3 backend support: XeTeX
(|extractbb --version)
\c__kernel_sys_dvipdfmx_version_int=\count268
\l__color_backend_stack_int=\count269
\g__color_backend_stack_int=\count270
\g__graphics_track_int=\count271
\l__pdf_internal_box=\box52
\g__pdf_backend_object_int=\count272
\g__pdf_backend_annotation_int=\count273
\g__pdf_backend_link_int=\count274
))
Package: unicode-math 2020/01/31 v0.8q Unicode maths in XeLaTeX and LuaLaTeX

(/usr/local/texlive/2022/texmf-dist/tex/latex/unicode-math/unicode-math-xetex.s
ty
Package: unicode-math-xetex 2020/01/31 v0.8q Unicode maths in XeLaTeX and LuaLa
TeX
(/usr/local/texlive/2022/texmf-dist/tex/latex/l3packages/xparse/xparse.sty
Package: xparse 2022-01-12 L3 Experimental document command parser
) (/usr/local/texlive/2022/texmf-dist/tex/latex/l3packages/l3keys2e/l3keys2e.st
y
Package: l3keys2e 2022-01-12 LaTeX2e option processing using LaTeX3 keys
) (/usr/local/texlive/2022/texmf-dist/tex/latex/fontspec/fontspec.sty
Package: fontspec 2022/01/15 v2.8a Font selection for XeLaTeX and LuaLaTeX
(/usr/local/texlive/2022/texmf-dist/tex/latex/fontspec/fontspec-xetex.sty
Package: fontspec-xetex 2022/01/15 v2.8a Font selection for XeLaTeX and LuaLaTe
X
\l__fontspec_script_int=\count275
\l__fontspec_language_int=\count276
\l__fontspec_strnum_int=\count277
\l__fontspec_tmp_int=\count278
\l__fontspec_tmpa_int=\count279
\l__fontspec_tmpb_int=\count280
\l__fontspec_tmpc_int=\count281
\l__fontspec_em_int=\count282
\l__fontspec_emdef_int=\count283
\l__fontspec_strong_int=\count284
\l__fontspec_strongdef_int=\count285
\l__fontspec_tmpa_dim=\dimen148
\l__fontspec_tmpb_dim=\dimen149
\l__fontspec_tmpc_dim=\dimen150
(/usr/local/texlive/2022/texmf-dist/tex/latex/base/fontenc.sty
Package: fontenc 2021/04/29 v2.0v Standard LaTeX package
) (/usr/local/texlive/2022/texmf-dist/tex/latex/fontspec/fontspec.cfg))) (/usr/
local/texlive/2022/texmf-dist/tex/latex/base/fix-cm.sty
Package: fix-cm 2020/11/24 v1.1t fixes to LaTeX
(/usr/local/texlive/2022/texmf-dist/tex/latex/base/ts1enc.def
File: ts1enc.def 2001/06/05 v3.0e (jk/car/fm) Standard LaTeX file
LaTeX Font Info:    Redeclaring font encoding TS1 on input line 47.
))
\g__um_fam_int=\count286
\g__um_fonts_used_int=\count287
\l__um_primecount_int=\count288
\g__um_primekern_muskip=\muskip17

(/usr/local/texlive/2022/texmf-dist/tex/latex/unicode-math/unicode-math-table.t
ex))) (/usr/local/texlive/2022/texmf-dist/tex/latex/upquote/upquote.sty
Package: upquote 2012/04/19 v1.3 upright-quote and grave-accent glyphs in verba
tim
(/usr/local/texlive/2022/texmf-dist/tex/latex/base/textcomp.sty
Package: textcomp 2020/02/02 v2.0n Standard LaTeX package
)) (/usr/local/texlive/2022/texmf-dist/tex/latex/microtype/microtype.sty
Package: microtype 2022/03/14 v3.0d Micro-typographical refinements (RS)
(/usr/local/texlive/2022/texmf-dist/tex/latex/graphics/keyval.sty
Package: keyval 2014/10/28 v1.15 key=value parser (DPC)
\KV@toks@=\toks21
) (/usr/local/texlive/2022/texmf-dist/tex/latex/etoolbox/etoolbox.sty
Package: etoolbox 2020/10/05 v2.5k e-TeX tools for LaTeX (JAW)
\etb@tempcnta=\count289
)
\MT@toks=\toks22
\MT@tempbox=\box53
\MT@count=\count290
LaTeX Info: Redefining \noprotrusionifhmode on input line 1027.
LaTeX Info: Redefining \leftprotrusion on input line 1028.
LaTeX Info: Redefining \rightprotrusion on input line 1036.
LaTeX Info: Redefining \textls on input line 1195.
\MT@outer@kern=\dimen151
LaTeX Info: Redefining \textmicrotypecontext on input line 1781.
\MT@listname@count=\count291
(/usr/local/texlive/2022/texmf-dist/tex/latex/microtype/microtype-xetex.def
File: microtype-xetex.def 2022/03/14 v3.0d Definitions specific to xetex (RS)
LaTeX Info: Redefining \lsstyle on input line 236.
)
Package microtype Info: Loading configuration file microtype.cfg.
(/usr/local/texlive/2022/texmf-dist/tex/latex/microtype/microtype.cfg
File: microtype.cfg 2022/03/14 v3.0d microtype main configuration file (RS)
)) (/usr/local/texlive/2022/texmf-dist/tex/latex/parskip/parskip.sty
Package: parskip 2021-03-14 v2.0h non-zero parskip adjustments
(/usr/local/texlive/2022/texmf-dist/tex/latex/kvoptions/kvoptions.sty
Package: kvoptions 2020-10-07 v3.14 Key value format for package options (HO)
(/usr/local/texlive/2022/texmf-dist/tex/generic/ltxcmds/ltxcmds.sty
Package: ltxcmds 2020-05-10 v1.25 LaTeX kernel commands for general use (HO)
) (/usr/local/texlive/2022/texmf-dist/tex/generic/kvsetkeys/kvsetkeys.sty
Package: kvsetkeys 2019/12/15 v1.18 Key value parser (HO)
))) (/usr/local/texlive/2022/texmf-dist/tex/latex/xcolor/xcolor.sty
Package: xcolor 2021/10/31 v2.13 LaTeX color extensions (UK)
(/usr/local/texlive/2022/texmf-dist/tex/latex/graphics-cfg/color.cfg
File: color.cfg 2016/01/02 v1.6 sample color configuration
)
Package xcolor Info: Driver file: xetex.def on input line 227.
(/usr/local/texlive/2022/texmf-dist/tex/latex/graphics-def/xetex.def
File: xetex.def 2021/03/18 v5.0k Graphics/color driver for xetex
)
Package xcolor Info: Model `cmy' substituted by `cmy0' on input line 1352.
Package xcolor Info: Model `RGB' extended on input line 1368.
Package xcolor Info: Model `HTML' substituted by `rgb' on input line 1370.
Package xcolor Info: Model `Hsb' substituted by `hsb' on input line 1371.
Package xcolor Info: Model `tHsb' substituted by `hsb' on input line 1372.
Package xcolor Info: Model `HSB' substituted by `hsb' on input line 1373.
Package xcolor Info: Model `Gray' substituted by `gray' on input line 1374.
Package xcolor Info: Model `wave' substituted by `hsb' on input line 1375.
) (/usr/local/texlive/2022/texmf-dist/tex/latex/geometry/geometry.sty
Package: geometry 2020/01/02 v5.9 Page Geometry
(/usr/local/texlive/2022/texmf-dist/tex/generic/iftex/ifvtex.sty
Package: ifvtex 2019/10/25 v1.7 ifvtex legacy package. Use iftex instead.
)
\Gm@cnth=\count292
\Gm@cntv=\count293
\c@Gm@tempcnt=\count294
\Gm@bindingoffset=\dimen152
\Gm@wd@mp=\dimen153
\Gm@odd@mp=\dimen154
\Gm@even@mp=\dimen155
\Gm@layoutwidth=\dimen156
\Gm@layoutheight=\dimen157
\Gm@layouthoffset=\dimen158
\Gm@layoutvoffset=\dimen159
\Gm@dimlist=\toks23
) (/usr/local/texlive/2022/texmf-dist/tex/latex/fancyvrb/fancyvrb.sty
Package: fancyvrb 2021/12/21 4.1b verbatim text (tvz,hv)
\FV@CodeLineNo=\count295
\FV@InFile=\read2
\FV@TabBox=\box54
\c@FancyVerbLine=\count296
\FV@StepNumber=\count297
\FV@OutFile=\write3
) (/usr/local/texlive/2022/texmf-dist/tex/latex/framed/framed.sty
Package: framed 2011/10/22 v 0.96: framed or shaded text with page breaks
\OuterFrameSep=\skip52
\fb@frw=\dimen160
\fb@frh=\dimen161
\FrameRule=\dimen162
\FrameSep=\dimen163
) (/usr/local/texlive/2022/texmf-dist/tex/latex/tools/longtable.sty
Package: longtable 2021-09-01 v4.17 Multi-page Table package (DPC)
\LTleft=\skip53
\LTright=\skip54
\LTpre=\skip55
\LTpost=\skip56
\LTchunksize=\count298
\LTcapwidth=\dimen164
\LT@head=\box55
\LT@firsthead=\box56
\LT@foot=\box57
\LT@lastfoot=\box58
\LT@gbox=\box59
\LT@cols=\count299
\LT@rows=\count300
\c@LT@tables=\count301
\c@LT@chunks=\count302
\LT@p@ftn=\toks24
) (/usr/local/texlive/2022/texmf-dist/tex/latex/booktabs/booktabs.sty
Package: booktabs 2020/01/12 v1.61803398 Publication quality tables
\heavyrulewidth=\dimen165
\lightrulewidth=\dimen166
\cmidrulewidth=\dimen167
\belowrulesep=\dimen168
\belowbottomsep=\dimen169
\aboverulesep=\dimen170
\abovetopsep=\dimen171
\cmidrulesep=\dimen172
\cmidrulekern=\dimen173
\defaultaddspace=\dimen174
\@cmidla=\count303
\@cmidlb=\count304
\@aboverulesep=\dimen175
\@belowrulesep=\dimen176
\@thisruleclass=\count305
\@lastruleclass=\count306
\@thisrulewidth=\dimen177
) (/usr/local/texlive/2022/texmf-dist/tex/latex/tools/array.sty
Package: array 2021/10/04 v2.5f Tabular extension package (FMi)
\col@sep=\dimen178
\ar@mcellbox=\box60
\extrarowheight=\dimen179
\NC@list=\toks25
\extratabsurround=\skip57
\backup@length=\skip58
\ar@cellbox=\box61
) (/usr/local/texlive/2022/texmf-dist/tex/latex/tools/calc.sty
Package: calc 2017/05/25 v4.3 Infix arithmetic (KKT,FJ)
\calc@Acount=\count307
\calc@Bcount=\count308
\calc@Adimen=\dimen180
\calc@Bdimen=\dimen181
\calc@Askip=\skip59
\calc@Bskip=\skip60
LaTeX Info: Redefining \setlength on input line 80.
LaTeX Info: Redefining \addtolength on input line 81.
\calc@Ccount=\count309
\calc@Cskip=\skip61
) (/usr/local/texlive/2022/texmf-dist/tex/latex/footnotehyper/footnotehyper.sty
Package: footnotehyper 2021/08/13 v1.1e hyperref aware footnote.sty (JFB)
\FNH@notes=\box62
\FNH@width=\dimen182
\FNH@toks=\toks26
) (/usr/local/texlive/2022/texmf-dist/tex/latex/graphics/graphicx.sty
Package: graphicx 2021/09/16 v1.2d Enhanced LaTeX Graphics (DPC,SPQR)
(/usr/local/texlive/2022/texmf-dist/tex/latex/graphics/graphics.sty
Package: graphics 2021/03/04 v1.4d Standard LaTeX Graphics (DPC,SPQR)
(/usr/local/texlive/2022/texmf-dist/tex/latex/graphics/trig.sty
Package: trig 2021/08/11 v1.11 sin cos tan (DPC)
) (/usr/local/texlive/2022/texmf-dist/tex/latex/graphics-cfg/graphics.cfg
File: graphics.cfg 2016/06/04 v1.11 sample graphics configuration
)
Package graphics Info: Driver file: xetex.def on input line 107.
)
\Gin@req@height=\dimen183
\Gin@req@width=\dimen184
) (/usr/local/texlive/2022/texmf-dist/tex/latex/amscls/amsthm.sty
Package: amsthm 2020/05/29 v2.20.6
\thm@style=\toks27
\thm@bodyfont=\toks28
\thm@headfont=\toks29
\thm@notefont=\toks30
\thm@headpunct=\toks31
\thm@preskip=\skip62
\thm@postskip=\skip63
\thm@headsep=\skip64
\dth@everypar=\toks32
) (/usr/local/texlive/2022/texmf-dist/tex/latex/fvextra/fvextra.sty
Package: fvextra 2019/02/04 v1.4 fvextra - extensions and patches for fancyvrb
(/usr/local/texlive/2022/texmf-dist/tex/latex/base/ifthen.sty
Package: ifthen 2020/11/24 v1.1c Standard LaTeX ifthen package (DPC)
) (/usr/local/texlive/2022/texmf-dist/tex/latex/lineno/lineno.sty
Package: lineno 2005/11/02 line numbers on paragraphs v4.41
Invalid UTF-8 byte or sequence at line 296 replaced by U+FFFD.
\linenopenalty=\count310
\output=\toks33
\linenoprevgraf=\count311
\linenumbersep=\dimen185
\linenumberwidth=\dimen186
\c@linenumber=\count312
\c@pagewiselinenumber=\count313
\c@LN@truepage=\count314
\c@internallinenumber=\count315
\c@internallinenumbers=\count316
\quotelinenumbersep=\dimen187
\bframerule=\dimen188
\bframesep=\dimen189
\bframebox=\box63
LaTeX Info: Redefining \\ on input line 3056.
)
\c@FV@TrueTabGroupLevel=\count317
\c@FV@TrueTabCounter=\count318
\FV@TabBox@Group=\box64
\FV@TmpLength=\skip65
\c@FV@HighlightLinesStart=\count319
\c@FV@HighlightLinesStop=\count320
\FV@LoopCount=\count321
\FV@NCharsBox=\box65
\FV@BreakIndent=\dimen190
\FV@BreakIndentNChars=\count322
\FV@BreakSymbolSepLeft=\dimen191
\FV@BreakSymbolSepLeftNChars=\count323
\FV@BreakSymbolSepRight=\dimen192
\FV@BreakSymbolSepRightNChars=\count324
\FV@BreakSymbolIndentLeft=\dimen193
\FV@BreakSymbolIndentLeftNChars=\count325
\FV@BreakSymbolIndentRight=\dimen194
\FV@BreakSymbolIndentRightNChars=\count326
\c@FancyVerbLineBreakLast=\count327
\FV@LineBox=\box66
\FV@LineIndentBox=\box67
\FV@LineWidth=\dimen195
) (/usr/local/texlive/2022/texmf-dist/tex/latex/multirow/multirow.sty
Package: multirow 2021/03/15 v2.8 Span multiple rows of a table
\multirow@colwidth=\skip66
\multirow@cntb=\count328
\multirow@dima=\skip67
\bigstrutjot=\dimen196
) (/usr/local/texlive/2022/texmf-dist/tex/latex/wrapfig/wrapfig.sty
\wrapoverhang=\dimen197
\WF@size=\dimen198
\c@WF@wrappedlines=\count329
\WF@box=\box68
\WF@everypar=\toks34
Package: wrapfig 2003/01/31  v 3.6
) (/usr/local/texlive/2022/texmf-dist/tex/latex/float/float.sty
Package: float 2001/11/08 v1.3d Float enhancements (AL)
\c@float@type=\count330
\float@exts=\toks35
\float@box=\box69
\@float@everytoks=\toks36
\@floatcapt=\box70
) (/usr/local/texlive/2022/texmf-dist/tex/latex/colortbl/colortbl.sty
Package: colortbl 2020/01/04 v1.0e Color table columns (DPC)
\everycr=\toks37
\minrowclearance=\skip68
) (/usr/local/texlive/2022/texmf-dist/tex/latex/pdflscape/pdflscape.sty
Package: pdflscape 2019/12/05 v0.12 Display of landscape pages in PDF (HO)
(/usr/local/texlive/2022/texmf-dist/tex/latex/graphics/lscape.sty
Package: lscape 2020/05/28 v3.02 Landscape Pages (DPC)
)
Package pdflscape Info: Auto-detected driver: dvipdfm (xetex) on input line 98.

(/usr/local/texlive/2022/texmf-dist/tex/latex/base/atbegshi-ltx.sty
Package: atbegshi-ltx 2021/01/10 v1.0c Emulation of the original atbegshi
package with kernel methods
)) (/usr/local/texlive/2022/texmf-dist/tex/latex/tabu/tabu.sty
Package: tabu 2019/01/11 v2.9 - flexible LaTeX tabulars (FC+tabu-fixed)
(/usr/local/texlive/2022/texmf-dist/tex/latex/varwidth/varwidth.sty
Package: varwidth 2009/03/30 ver 0.92;  Variable-width minipages
\@vwid@box=\box71
\sift@deathcycles=\count331
\@vwid@loff=\dimen199
\@vwid@roff=\dimen256
)
\c@taburow=\count332
\tabu@nbcols=\count333
\tabu@cnt=\count334
\tabu@Xcol=\count335
\tabu@alloc=\count336
\tabu@nested=\count337
\tabu@target=\dimen257
\tabu@spreadtarget=\dimen258
\tabu@naturalX=\dimen259
\tabucolX=\dimen260
\tabu@Xsum=\dimen261
\extrarowdepth=\dimen262
\abovetabulinesep=\dimen263
\belowtabulinesep=\dimen264
\tabustrutrule=\dimen265
\tabu@thebody=\toks38
\tabu@footnotes=\toks39
\tabu@box=\box72
\tabu@arstrutbox=\box73
\tabu@hleads=\box74
\tabu@vleads=\box75
\tabu@cellskip=\skip69
)
(/usr/local/texlive/2022/texmf-dist/tex/latex/threeparttable/threeparttable.sty
Package: threeparttable 2003/06/13  v 3.0
\@tempboxb=\box76
)
(/usr/local/texlive/2022/texmf-dist/tex/latex/threeparttablex/threeparttablex.s
ty
Package: threeparttablex 2013/07/23 v0.3 by daleif
(/usr/local/texlive/2022/texmf-dist/tex/latex/environ/environ.sty
Package: environ 2014/05/04 v0.3 A new way to define environments
(/usr/local/texlive/2022/texmf-dist/tex/latex/trimspaces/trimspaces.sty
Package: trimspaces 2009/09/17 v1.1 Trim spaces around a token list
))
\TPTL@width=\skip70
) (/usr/local/texlive/2022/texmf-dist/tex/generic/ulem/ulem.sty
\UL@box=\box77
\UL@hyphenbox=\box78
\UL@skip=\skip71
\UL@hook=\toks40
\UL@height=\dimen266
\UL@pe=\count338
\UL@pixel=\dimen267
\ULC@box=\box79
Package: ulem 2019/11/18
\ULdepth=\dimen268
) (/usr/local/texlive/2022/texmf-dist/tex/latex/makecell/makecell.sty
Package: makecell 2009/08/03 V0.1e Managing of Tab Column Heads and Cells
\rotheadsize=\dimen269
\c@nlinenum=\count339
\TeXr@lab=\toks41
) (/usr/local/texlive/2022/texmf-dist/tex/latex/natbib/natbib.sty
Package: natbib 2010/09/13 8.31b (PWD, AO)
\bibhang=\skip72
\bibsep=\skip73
LaTeX Info: Redefining \cite on input line 694.
\c@NAT@ctr=\count340
) (/usr/local/texlive/2022/texmf-dist/tex/latex/bookmark/bookmark.sty
Package: bookmark 2020-11-06 v1.29 PDF bookmarks (HO)
(/usr/local/texlive/2022/texmf-dist/tex/latex/hyperref/hyperref.sty
Package: hyperref 2022-02-21 v7.00n Hypertext links for LaTeX
(/usr/local/texlive/2022/texmf-dist/tex/generic/pdftexcmds/pdftexcmds.sty
Package: pdftexcmds 2020-06-27 v0.33 Utility functions of pdfTeX for LuaTeX (HO
)
(/usr/local/texlive/2022/texmf-dist/tex/generic/infwarerr/infwarerr.sty
Package: infwarerr 2019/12/03 v1.5 Providing info/warning/error messages (HO)
)
Package pdftexcmds Info: \pdf@primitive is available.
Package pdftexcmds Info: \pdf@ifprimitive is available.
Package pdftexcmds Info: \pdfdraftmode not found.
) (/usr/local/texlive/2022/texmf-dist/tex/generic/kvdefinekeys/kvdefinekeys.sty
Package: kvdefinekeys 2019-12-19 v1.6 Define keys (HO)
) (/usr/local/texlive/2022/texmf-dist/tex/generic/pdfescape/pdfescape.sty
Package: pdfescape 2019/12/09 v1.15 Implements pdfTeX's escape features (HO)
) (/usr/local/texlive/2022/texmf-dist/tex/latex/hycolor/hycolor.sty
Package: hycolor 2020-01-27 v1.10 Color options for hyperref/bookmark (HO)
) (/usr/local/texlive/2022/texmf-dist/tex/latex/letltxmacro/letltxmacro.sty
Package: letltxmacro 2019/12/03 v1.6 Let assignment for LaTeX macros (HO)
) (/usr/local/texlive/2022/texmf-dist/tex/latex/auxhook/auxhook.sty
Package: auxhook 2019-12-17 v1.6 Hooks for auxiliary files (HO)
)
\@linkdim=\dimen270
\Hy@linkcounter=\count341
\Hy@pagecounter=\count342
(/usr/local/texlive/2022/texmf-dist/tex/latex/hyperref/pd1enc.def
File: pd1enc.def 2022-02-21 v7.00n Hyperref: PDFDocEncoding definition (HO)
) (/usr/local/texlive/2022/texmf-dist/tex/generic/intcalc/intcalc.sty
Package: intcalc 2019/12/15 v1.3 Expandable calculations with integers (HO)
) (/usr/local/texlive/2022/texmf-dist/tex/generic/etexcmds/etexcmds.sty
Package: etexcmds 2019/12/15 v1.7 Avoid name clashes with e-TeX commands (HO)
)
\Hy@SavedSpaceFactor=\count343
(/usr/local/texlive/2022/texmf-dist/tex/latex/hyperref/puenc.def
File: puenc.def 2022-02-21 v7.00n Hyperref: PDF Unicode definition (HO)
)
Package hyperref Info: Option `unicode' set `true' on input line 4018.
Package hyperref Info: Hyper figures OFF on input line 4137.
Package hyperref Info: Link nesting OFF on input line 4142.
Package hyperref Info: Hyper index ON on input line 4145.
Package hyperref Info: Plain pages OFF on input line 4152.
Package hyperref Info: Backreferencing OFF on input line 4157.
Package hyperref Info: Implicit mode ON; LaTeX internals redefined.
Package hyperref Info: Bookmarks ON on input line 4390.
\c@Hy@tempcnt=\count344
(/usr/local/texlive/2022/texmf-dist/tex/latex/url/url.sty
\Urlmuskip=\muskip18
Package: url 2013/09/16  ver 3.4  Verb mode for urls, etc.
)
LaTeX Info: Redefining \url on input line 4749.
\XeTeXLinkMargin=\dimen271
(/usr/local/texlive/2022/texmf-dist/tex/generic/bitset/bitset.sty
Package: bitset 2019/12/09 v1.3 Handle bit-vector datatype (HO)
(/usr/local/texlive/2022/texmf-dist/tex/generic/bigintcalc/bigintcalc.sty
Package: bigintcalc 2019/12/15 v1.5 Expandable calculations on big integers (HO
)
))
\Fld@menulength=\count345
\Field@Width=\dimen272
\Fld@charsize=\dimen273
Package hyperref Info: Hyper figures OFF on input line 6027.
Package hyperref Info: Link nesting OFF on input line 6032.
Package hyperref Info: Hyper index ON on input line 6035.
Package hyperref Info: backreferencing OFF on input line 6042.
Package hyperref Info: Link coloring OFF on input line 6047.
Package hyperref Info: Link coloring with OCG OFF on input line 6052.
Package hyperref Info: PDF/A mode OFF on input line 6057.
LaTeX Info: Redefining \ref on input line 6097.
LaTeX Info: Redefining \pageref on input line 6101.
\Hy@abspage=\count346
\c@Item=\count347
\c@Hfootnote=\count348
)
Package hyperref Info: Driver (autodetected): hxetex.
(/usr/local/texlive/2022/texmf-dist/tex/latex/hyperref/hxetex.def
File: hxetex.def 2022-02-21 v7.00n Hyperref driver for XeTeX
(/usr/local/texlive/2022/texmf-dist/tex/generic/stringenc/stringenc.sty
Package: stringenc 2019/11/29 v1.12 Convert strings between diff. encodings (HO
)
)
\pdfm@box=\box80
\c@Hy@AnnotLevel=\count349
\HyField@AnnotCount=\count350
\Fld@listcount=\count351
\c@bookmark@seq@number=\count352

(/usr/local/texlive/2022/texmf-dist/tex/latex/rerunfilecheck/rerunfilecheck.sty
Package: rerunfilecheck 2019/12/05 v1.9 Rerun checks for auxiliary files (HO)
(/usr/local/texlive/2022/texmf-dist/tex/latex/base/atveryend-ltx.sty
Package: atveryend-ltx 2020/08/19 v1.0a Emulation of the original atveryend pac
kage
with kernel methods
)
(/usr/local/texlive/2022/texmf-dist/tex/generic/uniquecounter/uniquecounter.sty
Package: uniquecounter 2019/12/15 v1.4 Provide unlimited unique counter (HO)
)
Package uniquecounter Info: New unique counter `rerunfilecheck' on input line 2
86.
)
\Hy@SectionHShift=\skip74
) (/usr/local/texlive/2022/texmf-dist/tex/latex/bookmark/bkm-dvipdfm.def
File: bkm-dvipdfm.def 2020-11-06 v1.29 bookmark driver for dvipdfm (HO)
\BKM@id=\count353
)) (/usr/local/texlive/2022/texmf-dist/tex/latex/xurl/xurl.sty
Package: xurl 2022/01/09 v 0.10 modify URL breaks
)
\c@theorem=\count354
\c@lemma=\count355
\c@corollary=\count356
\c@proposition=\count357
\c@conjecture=\count358
\c@definition=\count359
\c@example=\count360
\c@exercise=\count361
\c@hypothesis=\count362
(./textbook.aux)
\openout1 = `textbook.aux'.

LaTeX Font Info:    Checking defaults for OML/cmm/m/it on input line 157.
LaTeX Font Info:    ... okay on input line 157.
LaTeX Font Info:    Checking defaults for OMS/cmsy/m/n on input line 157.
LaTeX Font Info:    ... okay on input line 157.
LaTeX Font Info:    Checking defaults for OT1/cmr/m/n on input line 157.
LaTeX Font Info:    ... okay on input line 157.
LaTeX Font Info:    Checking defaults for T1/cmr/m/n on input line 157.
LaTeX Font Info:    ... okay on input line 157.
LaTeX Font Info:    Checking defaults for TS1/cmr/m/n on input line 157.
LaTeX Font Info:    ... okay on input line 157.
LaTeX Font Info:    Checking defaults for TU/lmr/m/n on input line 157.
LaTeX Font Info:    ... okay on input line 157.
LaTeX Font Info:    Checking defaults for OMX/cmex/m/n on input line 157.
LaTeX Font Info:    ... okay on input line 157.
LaTeX Font Info:    Checking defaults for U/cmr/m/n on input line 157.
LaTeX Font Info:    ... okay on input line 157.
LaTeX Font Info:    Checking defaults for PD1/pdf/m/n on input line 157.
LaTeX Font Info:    ... okay on input line 157.
LaTeX Font Info:    Checking defaults for PU/pdf/m/n on input line 157.
LaTeX Font Info:    ... okay on input line 157.
LaTeX Font Info:    Overwriting math alphabet `\mathrm' in version `normal'
(Font)                  OT1/lmr/m/n --> TU/lmr/m/n on input line 157.
LaTeX Font Info:    Overwriting math alphabet `\mathit' in version `normal'
(Font)                  OT1/lmr/m/it --> TU/lmr/m/it on input line 157.
LaTeX Font Info:    Overwriting math alphabet `\mathbf' in version `normal'
(Font)                  OT1/lmr/bx/n --> TU/lmr/bx/n on input line 157.
LaTeX Font Info:    Overwriting math alphabet `\mathsf' in version `normal'
(Font)                  OT1/lmss/m/n --> TU/lmss/m/n on input line 157.
LaTeX Font Info:    Overwriting math alphabet `\mathsf' in version `bold'
(Font)                  OT1/lmss/bx/n --> TU/lmss/bx/n on input line 157.
LaTeX Font Info:    Overwriting math alphabet `\mathtt' in version `normal'
(Font)                  OT1/lmtt/m/n --> TU/lmtt/m/n on input line 157.
LaTeX Font Info:    Overwriting math alphabet `\mathtt' in version `bold'
(Font)                  OT1/lmtt/m/n --> TU/lmtt/bx/n on input line 157.

Package fontspec Info: latinmodern-math scale = 0.9999967668407183.


Package fontspec Info: latinmodern-math scale = 0.9999967668407183.


Package fontspec Info: latinmodern-math scale = 0.9999967668407183.


Package fontspec Info: Font family 'latinmodern-math.otf(0)' created for font
(fontspec)             'latinmodern-math.otf' with options
(fontspec)             [Scale=MatchLowercase,BoldItalicFont={},ItalicFont={},Sm
allCapsFont={},Script=Math,BoldFont={latinmodern-math.otf}].
(fontspec)              
(fontspec)              This font family consists of the following NFSS
(fontspec)             series/shapes:
(fontspec)              
(fontspec)             - 'normal' (m/n) with NFSS spec.:
(fontspec)             <->s*[0.9999967668407183]"[latinmodern-math.otf]/OT:scri
pt=math;language=dflt;"
(fontspec)             - 'small caps'  (m/sc) with NFSS spec.: 
(fontspec)             - 'bold' (b/n) with NFSS spec.:
(fontspec)             <->s*[0.9999967668407183]"[latinmodern-math.otf]/OT:scri
pt=math;language=dflt;"
(fontspec)             - 'bold small caps'  (b/sc) with NFSS spec.: 

LaTeX Font Info:    Font shape `TU/latinmodern-math.otf(0)/m/n' will be
(Font)              scaled to size 10.95pt on input line 157.

Package fontspec Info: latinmodern-math scale = 0.9999967668407183.


Package fontspec Info: latinmodern-math scale = 0.9999967668407183.


Package fontspec Info: latinmodern-math scale = 0.9999967668407183.


Package fontspec Info: latinmodern-math scale = 0.9999967668407183.


Package fontspec Info: latinmodern-math scale = 0.9999967668407183.


Package fontspec Info: Font family 'latinmodern-math.otf(1)' created for font
(fontspec)             'latinmodern-math.otf' with options
(fontspec)             [Scale=MatchLowercase,BoldItalicFont={},ItalicFont={},Sm
allCapsFont={},Script=Math,SizeFeatures={{Size=9.3075-},{Size=6.57-9.3075,Font=
latinmodern-math.otf,Style=MathScript},{Size=-6.57,Font=latinmodern-math.otf,St
yle=MathScriptScript}},BoldFont={latinmodern-math.otf}].
(fontspec)              
(fontspec)              This font family consists of the following NFSS
(fontspec)             series/shapes:
(fontspec)              
(fontspec)             - 'normal' (m/n) with NFSS spec.:
(fontspec)             <9.3075->s*[0.9999967668407183]"[latinmodern-math.otf]/O
T:script=math;language=dflt;"<6.57-9.3075>s*[0.9999967668407183]"[latinmodern-m
ath.otf]/OT:script=math;language=dflt;+ssty=0;"<-6.57>s*[0.9999967668407183]"[l
atinmodern-math.otf]/OT:script=math;language=dflt;+ssty=1;"
(fontspec)             - 'small caps'  (m/sc) with NFSS spec.: 
(fontspec)             - 'bold' (b/n) with NFSS spec.:
(fontspec)             <->s*[0.9999967668407183]"[latinmodern-math.otf]/OT:scri
pt=math;language=dflt;"
(fontspec)             - 'bold small caps'  (b/sc) with NFSS spec.: 

LaTeX Font Info:    Font shape `TU/latinmodern-math.otf(1)/m/n' will be
(Font)              scaled to size 10.95pt on input line 157.
LaTeX Font Info:    Encoding `OT1' has changed to `TU' for symbol font
(Font)              `operators' in the math version `normal' on input line 157.

LaTeX Font Info:    Overwriting symbol font `operators' in version `normal'
(Font)                  OT1/lmr/m/n --> TU/latinmodern-math.otf(1)/m/n on input
 line 157.
LaTeX Font Info:    Encoding `OT1' has changed to `TU' for symbol font
(Font)              `operators' in the math version `bold' on input line 157.
LaTeX Font Info:    Overwriting symbol font `operators' in version `bold'
(Font)                  OT1/lmr/bx/n --> TU/latinmodern-math.otf(1)/b/n on inpu
t line 157.

Package fontspec Info: latinmodern-math scale = 0.9999967668407183.


Package fontspec Info: latinmodern-math scale = 1.000096766517402.


Package fontspec Info: latinmodern-math scale = 0.9999967668407183.


Package fontspec Info: latinmodern-math scale = 1.000096766517402.


Package fontspec Info: latinmodern-math scale = 0.9999967668407183.


Package fontspec Info: latinmodern-math scale = 1.000096766517402.


Package fontspec Info: latinmodern-math scale = 0.9999967668407183.


Package fontspec Info: latinmodern-math scale = 1.000096766517402.


Package fontspec Info: latinmodern-math scale = 0.9999967668407183.


Package fontspec Info: latinmodern-math scale = 1.000096766517402.


Package fontspec Info: Font family 'latinmodern-math.otf(2)' created for font
(fontspec)             'latinmodern-math.otf' with options
(fontspec)             [Scale=MatchLowercase,BoldItalicFont={},ItalicFont={},Sm
allCapsFont={},Script=Math,SizeFeatures={{Size=9.3075-},{Size=6.57-9.3075,Font=
latinmodern-math.otf,Style=MathScript},{Size=-6.57,Font=latinmodern-math.otf,St
yle=MathScriptScript}},BoldFont={latinmodern-math.otf},ScaleAgain=1.0001,FontAd
justment={\fontdimen
(fontspec)             8\font =7.41315pt\relax \fontdimen 9\font
(fontspec)             =4.3143pt\relax \fontdimen 10\font =4.8618pt\relax
(fontspec)             \fontdimen 11\font =7.5117pt\relax \fontdimen 12\font
(fontspec)             =3.77776pt\relax \fontdimen 13\font =3.97485pt\relax
(fontspec)             \fontdimen 14\font =3.97485pt\relax \fontdimen 15\font
(fontspec)             =3.16455pt\relax \fontdimen 16\font =2.70465pt\relax
(fontspec)             \fontdimen 17\font =2.70465pt\relax \fontdimen 18\font
(fontspec)             =2.7375pt\relax \fontdimen 19\font =2.19pt\relax
(fontspec)             \fontdimen 22\font =2.7375pt\relax \fontdimen 20\font
(fontspec)             =0pt\relax \fontdimen 21\font =0pt\relax }].
(fontspec)              
(fontspec)              This font family consists of the following NFSS
(fontspec)             series/shapes:
(fontspec)              
(fontspec)             - 'normal' (m/n) with NFSS spec.:
(fontspec)             <9.3075->s*[1.000096766517402]"[latinmodern-math.otf]/OT
:script=math;language=dflt;"<6.57-9.3075>s*[1.000096766517402]"[latinmodern-mat
h.otf]/OT:script=math;language=dflt;+ssty=0;"<-6.57>s*[1.000096766517402]"[lati
nmodern-math.otf]/OT:script=math;language=dflt;+ssty=1;"
(fontspec)             - 'small caps'  (m/sc) with NFSS spec.: 
(fontspec)             and font adjustment code:
(fontspec)             \fontdimen 8\font =7.41315pt\relax \fontdimen 9\font
(fontspec)             =4.3143pt\relax \fontdimen 10\font =4.8618pt\relax
(fontspec)             \fontdimen 11\font =7.5117pt\relax \fontdimen 12\font
(fontspec)             =3.77776pt\relax \fontdimen 13\font =3.97485pt\relax
(fontspec)             \fontdimen 14\font =3.97485pt\relax \fontdimen 15\font
(fontspec)             =3.16455pt\relax \fontdimen 16\font =2.70465pt\relax
(fontspec)             \fontdimen 17\font =2.70465pt\relax \fontdimen 18\font
(fontspec)             =2.7375pt\relax \fontdimen 19\font =2.19pt\relax
(fontspec)             \fontdimen 22\font =2.7375pt\relax \fontdimen 20\font
(fontspec)             =0pt\relax \fontdimen 21\font =0pt\relax 
(fontspec)             - 'bold' (b/n) with NFSS spec.:
(fontspec)             <->s*[1.000096766517402]"[latinmodern-math.otf]/OT:scrip
t=math;language=dflt;"
(fontspec)             - 'bold small caps'  (b/sc) with NFSS spec.: 
(fontspec)             and font adjustment code:
(fontspec)             \fontdimen 8\font =7.41315pt\relax \fontdimen 9\font
(fontspec)             =4.3143pt\relax \fontdimen 10\font =4.8618pt\relax
(fontspec)             \fontdimen 11\font =7.5117pt\relax \fontdimen 12\font
(fontspec)             =3.77776pt\relax \fontdimen 13\font =3.97485pt\relax
(fontspec)             \fontdimen 14\font =3.97485pt\relax \fontdimen 15\font
(fontspec)             =3.16455pt\relax \fontdimen 16\font =2.70465pt\relax
(fontspec)             \fontdimen 17\font =2.70465pt\relax \fontdimen 18\font
(fontspec)             =2.7375pt\relax \fontdimen 19\font =2.19pt\relax
(fontspec)             \fontdimen 22\font =2.7375pt\relax \fontdimen 20\font
(fontspec)             =0pt\relax \fontdimen 21\font =0pt\relax 

LaTeX Font Info:    Encoding `OMS' has changed to `TU' for symbol font
(Font)              `symbols' in the math version `normal' on input line 157.
LaTeX Font Info:    Overwriting symbol font `symbols' in version `normal'
(Font)                  OMS/lmsy/m/n --> TU/latinmodern-math.otf(2)/m/n on inpu
t line 157.
LaTeX Font Info:    Encoding `OMS' has changed to `TU' for symbol font
(Font)              `symbols' in the math version `bold' on input line 157.
LaTeX Font Info:    Overwriting symbol font `symbols' in version `bold'
(Font)                  OMS/lmsy/b/n --> TU/latinmodern-math.otf(2)/b/n on inpu
t line 157.

Package fontspec Info: latinmodern-math scale = 0.9999967668407183.


Package fontspec Info: latinmodern-math scale = 0.9998967671640342.


Package fontspec Info: latinmodern-math scale = 0.9999967668407183.


Package fontspec Info: latinmodern-math scale = 0.9998967671640342.


Package fontspec Info: latinmodern-math scale = 0.9999967668407183.


Package fontspec Info: latinmodern-math scale = 0.9998967671640342.


Package fontspec Info: latinmodern-math scale = 0.9999967668407183.


Package fontspec Info: latinmodern-math scale = 0.9998967671640342.


Package fontspec Info: latinmodern-math scale = 0.9999967668407183.


Package fontspec Info: latinmodern-math scale = 0.9998967671640342.


Package fontspec Info: Font family 'latinmodern-math.otf(3)' created for font
(fontspec)             'latinmodern-math.otf' with options
(fontspec)             [Scale=MatchLowercase,BoldItalicFont={},ItalicFont={},Sm
allCapsFont={},Script=Math,SizeFeatures={{Size=9.3075-},{Size=6.57-9.3075,Font=
latinmodern-math.otf,Style=MathScript},{Size=-6.57,Font=latinmodern-math.otf,St
yle=MathScriptScript}},BoldFont={latinmodern-math.otf},ScaleAgain=0.9999,FontAd
justment={\fontdimen
(fontspec)             8\font =0.438pt\relax \fontdimen 9\font =2.19pt\relax
(fontspec)             \fontdimen 10\font =1.82864pt\relax \fontdimen 11\font
(fontspec)             =1.21545pt\relax \fontdimen 12\font =6.56999pt\relax
(fontspec)             \fontdimen 13\font =0pt\relax }].
(fontspec)              
(fontspec)              This font family consists of the following NFSS
(fontspec)             series/shapes:
(fontspec)              
(fontspec)             - 'normal' (m/n) with NFSS spec.:
(fontspec)             <9.3075->s*[0.9998967671640342]"[latinmodern-math.otf]/O
T:script=math;language=dflt;"<6.57-9.3075>s*[0.9998967671640342]"[latinmodern-m
ath.otf]/OT:script=math;language=dflt;+ssty=0;"<-6.57>s*[0.9998967671640342]"[l
atinmodern-math.otf]/OT:script=math;language=dflt;+ssty=1;"
(fontspec)             - 'small caps'  (m/sc) with NFSS spec.: 
(fontspec)             and font adjustment code:
(fontspec)             \fontdimen 8\font =0.438pt\relax \fontdimen 9\font
(fontspec)             =2.19pt\relax \fontdimen 10\font =1.82864pt\relax
(fontspec)             \fontdimen 11\font =1.21545pt\relax \fontdimen 12\font
(fontspec)             =6.56999pt\relax \fontdimen 13\font =0pt\relax 
(fontspec)             - 'bold' (b/n) with NFSS spec.:
(fontspec)             <->s*[0.9998967671640342]"[latinmodern-math.otf]/OT:scri
pt=math;language=dflt;"
(fontspec)             - 'bold small caps'  (b/sc) with NFSS spec.: 
(fontspec)             and font adjustment code:
(fontspec)             \fontdimen 8\font =0.438pt\relax \fontdimen 9\font
(fontspec)             =2.19pt\relax \fontdimen 10\font =1.82864pt\relax
(fontspec)             \fontdimen 11\font =1.21545pt\relax \fontdimen 12\font
(fontspec)             =6.56999pt\relax \fontdimen 13\font =0pt\relax 

LaTeX Font Info:    Encoding `OMX' has changed to `TU' for symbol font
(Font)              `largesymbols' in the math version `normal' on input line 1
57.
LaTeX Font Info:    Overwriting symbol font `largesymbols' in version `normal'
(Font)                  OMX/lmex/m/n --> TU/latinmodern-math.otf(3)/m/n on inpu
t line 157.
LaTeX Font Info:    Encoding `OMX' has changed to `TU' for symbol font
(Font)              `largesymbols' in the math version `bold' on input line 157
.
LaTeX Font Info:    Overwriting symbol font `largesymbols' in version `bold'
(Font)                  OMX/lmex/m/n --> TU/latinmodern-math.otf(3)/b/n on inpu
t line 157.
LaTeX Info: Redefining \microtypecontext on input line 157.
Package microtype Info: Applying patch `item' on input line 157.
Package microtype Info: Applying patch `toc' on input line 157.
Package microtype Info: Applying patch `eqnum' on input line 157.
Package microtype Info: Applying patch `footnote' on input line 157.
Package microtype Info: Character protrusion enabled (level 2).
Package microtype Info: Using protrusion set `basicmath'.
Package microtype Info: No adjustment of tracking.
Package microtype Info: No adjustment of spacing.
Package microtype Info: No adjustment of kerning.

(/usr/local/texlive/2022/texmf-dist/tex/latex/microtype/mt-LatinModernRoman.cfg
File: mt-LatinModernRoman.cfg 2021/02/21 v1.1 microtype config. file: Latin Mod
ern Roman (RS)
)
*geometry* driver: auto-detecting
*geometry* detected driver: xetex
*geometry* verbose mode - [ preamble ] result:
* driver: xetex
* paper: <default>
* layout: <same size as paper>
* layoutoffset:(h,v)=(0.0pt,0.0pt)
* modes: twoside 
* h-part:(L,W,R)=(72.26999pt, 469.75502pt, 72.26999pt)
* v-part:(T,H,B)=(72.26999pt, 650.43001pt, 72.26999pt)
* \paperwidth=614.295pt
* \paperheight=794.96999pt
* \textwidth=469.75502pt
* \textheight=650.43001pt
* \oddsidemargin=0.0pt
* \evensidemargin=0.0pt
* \topmargin=-31.8738pt
* \headheight=12.0pt
* \headsep=19.8738pt
* \topskip=11.0pt
* \footskip=27.46295pt
* \marginparwidth=116.0pt
* \marginparsep=7.0pt
* \columnsep=10.0pt
* \skip\footins=10.0pt plus 4.0pt minus 2.0pt
* \hoffset=0.0pt
* \voffset=0.0pt
* \mag=1000
* \@twocolumnfalse
* \@twosidetrue
* \@mparswitchtrue
* \@reversemarginfalse
* (1in=72.27pt=25.4mm, 1cm=28.453pt)

Package hyperref Info: Link coloring OFF on input line 157.
(/usr/local/texlive/2022/texmf-dist/tex/latex/hyperref/nameref.sty
Package: nameref 2021-04-02 v2.47 Cross-referencing by name of section
(/usr/local/texlive/2022/texmf-dist/tex/latex/refcount/refcount.sty
Package: refcount 2019/12/15 v3.6 Data extraction from label references (HO)
)
(/usr/local/texlive/2022/texmf-dist/tex/generic/gettitlestring/gettitlestring.s
ty
Package: gettitlestring 2019/12/15 v1.6 Cleanup title references (HO)
)
\c@section@level=\count363
)
LaTeX Info: Redefining \ref on input line 157.
LaTeX Info: Redefining \pageref on input line 157.
LaTeX Info: Redefining \nameref on input line 157.
LaTeX Font Info:    Font shape `TU/latinmodern-math.otf(1)/m/n' will be
(Font)              scaled to size 12.0pt on input line 159.
LaTeX Font Info:    Font shape `TU/latinmodern-math.otf(1)/m/n' will be
(Font)              scaled to size 8.0pt on input line 159.
LaTeX Font Info:    Font shape `TU/latinmodern-math.otf(1)/m/n' will be
(Font)              scaled to size 6.0pt on input line 159.
LaTeX Font Info:    Trying to load font information for OML+lmm on input line 1
59.
(/usr/local/texlive/2022/texmf-dist/tex/latex/lm/omllmm.fd
File: omllmm.fd 2015/05/01 v1.6.1 Font defs for Latin Modern
)
LaTeX Font Info:    Font shape `TU/latinmodern-math.otf(2)/m/n' will be
(Font)              scaled to size 12.0011pt on input line 159.
LaTeX Font Info:    Font shape `TU/latinmodern-math.otf(2)/m/n' will be
(Font)              scaled to size 8.00073pt on input line 159.
LaTeX Font Info:    Font shape `TU/latinmodern-math.otf(2)/m/n' will be
(Font)              scaled to size 6.00055pt on input line 159.
LaTeX Font Info:    Font shape `TU/latinmodern-math.otf(3)/m/n' will be
(Font)              scaled to size 11.99872pt on input line 159.
LaTeX Font Info:    Font shape `TU/latinmodern-math.otf(3)/m/n' will be
(Font)              scaled to size 7.99915pt on input line 159.
LaTeX Font Info:    Font shape `TU/latinmodern-math.otf(3)/m/n' will be
(Font)              scaled to size 5.99936pt on input line 159.
LaTeX Font Info:    Trying to load font information for U+msa on input line 159
.
(/usr/local/texlive/2022/texmf-dist/tex/latex/amsfonts/umsa.fd
File: umsa.fd 2013/01/14 v3.01 AMS symbols A
) (/usr/local/texlive/2022/texmf-dist/tex/latex/microtype/mt-msa.cfg
File: mt-msa.cfg 2006/02/04 v1.1 microtype config. file: AMS symbols (a) (RS)
)
LaTeX Font Info:    Trying to load font information for U+msb on input line 159
.
(/usr/local/texlive/2022/texmf-dist/tex/latex/amsfonts/umsb.fd
File: umsb.fd 2013/01/14 v3.01 AMS symbols B
) (/usr/local/texlive/2022/texmf-dist/tex/latex/microtype/mt-msb.cfg
File: mt-msb.cfg 2005/06/01 v1.0 microtype config. file: AMS symbols (b) (RS)
) [1


] [2

] (./textbook.toc
LaTeX Font Info:    Font shape `TU/latinmodern-math.otf(1)/m/n' will be
(Font)              scaled to size 7.665pt on input line 3.
LaTeX Font Info:    Font shape `TU/latinmodern-math.otf(1)/m/n' will be
(Font)              scaled to size 5.475pt on input line 3.
LaTeX Font Info:    Font shape `TU/latinmodern-math.otf(2)/m/n' will be
(Font)              scaled to size 10.95099pt on input line 3.
LaTeX Font Info:    Font shape `TU/latinmodern-math.otf(2)/m/n' will be
(Font)              scaled to size 7.66568pt on input line 3.
LaTeX Font Info:    Font shape `TU/latinmodern-math.otf(2)/m/n' will be
(Font)              scaled to size 5.4755pt on input line 3.
LaTeX Font Info:    Font shape `TU/latinmodern-math.otf(3)/m/n' will be
(Font)              scaled to size 10.94882pt on input line 3.
LaTeX Font Info:    Font shape `TU/latinmodern-math.otf(3)/m/n' will be
(Font)              scaled to size 7.66417pt on input line 3.
LaTeX Font Info:    Font shape `TU/latinmodern-math.otf(3)/m/n' will be
(Font)              scaled to size 5.47441pt on input line 3.
[3])
\tf@toc=\write4
\openout4 = `textbook.toc'.

[4]
Underfull \hbox (badness 10000) in paragraph at lines 177--178

 []

[5

] [6

]
Underfull \hbox (badness 10000) in paragraph at lines 206--214

 []


Underfull \hbox (badness 10000) in paragraph at lines 215--219

 []

[7]
Underfull \hbox (badness 10000) in paragraph at lines 222--226

 []


Underfull \hbox (badness 10000) in paragraph at lines 238--239

 []

[8] [9]
Overfull \hbox (7.39113pt too wide) in paragraph at lines 352--352
[]\TU/lmtt/m/n/10.95 ##      Rk Tm             G   Cmp   Att []Cmp%[]   Yds    
TD []TD%[]   Int []Int%[]   Lng[] 
 []


Overfull \hbox (7.39113pt too wide) in paragraph at lines 352--352
[]\TU/lmtt/m/n/10.95 ##   <dbl> <chr>      <dbl> <dbl> <dbl>  <dbl> <dbl> <dbl>
 <dbl> <dbl>  <dbl> <dbl>[] 
 []


Overfull \hbox (7.39113pt too wide) in paragraph at lines 352--352
[]\TU/lmtt/m/n/10.95 ## 1     1 Tampa Bay~    17   492   731   67.3  5229    43
   5.9    12    1.6    62[] 
 []


Overfull \hbox (7.39113pt too wide) in paragraph at lines 352--352
[]\TU/lmtt/m/n/10.95 ## 2     2 Los Angel~    17   443   674   65.7  4800    38
   5.6    15    2.2    72[] 
 []


Overfull \hbox (7.39113pt too wide) in paragraph at lines 352--352
[]\TU/lmtt/m/n/10.95 ## 3     3 Dallas Co~    17   444   647   68.6  4800    40
   6.2    11    1.7    73[] 
 []


Overfull \hbox (7.39113pt too wide) in paragraph at lines 352--352
[]\TU/lmtt/m/n/10.95 ## 4     4 Kansas Ci~    17   448   675   66.4  4791    37
   5.5    13    1.9    75[] 
 []


Overfull \hbox (7.39113pt too wide) in paragraph at lines 352--352
[]\TU/lmtt/m/n/10.95 ## 5     5 Los Angel~    17   406   607   66.9  4642    41
   6.8    18    3      79[] 
 []


Overfull \hbox (7.39113pt too wide) in paragraph at lines 352--352
[]\TU/lmtt/m/n/10.95 ## 6     6 Las Vegas~    17   429   628   68.3  4567    23
   3.7    14    2.2    61[] 
 []

[10] [11] [12

]
Chapter 1.
[13]
Underfull \hbox (badness 10000) in paragraph at lines 472--477

 []


Underfull \hbox (badness 10000) in paragraph at lines 472--477

 []


Underfull \hbox (badness 10000) in paragraph at lines 472--477

 []


Underfull \hbox (badness 10000) in paragraph at lines 472--477

 []


Underfull \hbox (badness 10000) in paragraph at lines 472--477

 []

[14]
Underfull \hbox (badness 10000) in paragraph at lines 542--547

 []


Underfull \hbox (badness 10000) in paragraph at lines 542--547

 []


Underfull \hbox (badness 10000) in paragraph at lines 542--547

 []


Underfull \hbox (badness 10000) in paragraph at lines 542--547

 []


Underfull \hbox (badness 10000) in paragraph at lines 542--547

 []

[15]
Underfull \hbox (badness 10000) in paragraph at lines 628--632

 []

[16]
Underfull \hbox (badness 10000) in paragraph at lines 696--701

 []


Underfull \hbox (badness 10000) in paragraph at lines 696--701

 []


Underfull \hbox (badness 10000) in paragraph at lines 696--701

 []


Underfull \hbox (badness 10000) in paragraph at lines 696--701

 []


Underfull \hbox (badness 10000) in paragraph at lines 696--701

 []

[17]
Overfull \hbox (7.39113pt too wide) in paragraph at lines 782--782
[]\TU/lmtt/m/n/10.95 ##      Rk Tm             G   Cmp   Att []Cmp%[]   Yds    
TD []TD%[]   Int []Int%[]   Lng[] 
 []


Overfull \hbox (7.39113pt too wide) in paragraph at lines 782--782
[]\TU/lmtt/m/n/10.95 ##   <dbl> <chr>      <dbl> <dbl> <dbl>  <dbl> <dbl> <dbl>
 <dbl> <dbl>  <dbl> <dbl>[] 
 []


Overfull \hbox (7.39113pt too wide) in paragraph at lines 782--782
[]\TU/lmtt/m/n/10.95 ## 1     1 Tampa Bay~    17   492   731   67.3  5229    43
   5.9    12    1.6    62[] 
 []


Overfull \hbox (7.39113pt too wide) in paragraph at lines 782--782
[]\TU/lmtt/m/n/10.95 ## 2     2 Los Angel~    17   443   674   65.7  4800    38
   5.6    15    2.2    72[] 
 []


Overfull \hbox (7.39113pt too wide) in paragraph at lines 782--782
[]\TU/lmtt/m/n/10.95 ## 3     3 Dallas Co~    17   444   647   68.6  4800    40
   6.2    11    1.7    73[] 
 []


Overfull \hbox (7.39113pt too wide) in paragraph at lines 782--782
[]\TU/lmtt/m/n/10.95 ## 4     4 Kansas Ci~    17   448   675   66.4  4791    37
   5.5    13    1.9    75[] 
 []


Overfull \hbox (7.39113pt too wide) in paragraph at lines 782--782
[]\TU/lmtt/m/n/10.95 ## 5     5 Los Angel~    17   406   607   66.9  4642    41
   6.8    18    3      79[] 
 []


Overfull \hbox (7.39113pt too wide) in paragraph at lines 782--782
[]\TU/lmtt/m/n/10.95 ## 6     6 Las Vegas~    17   429   628   68.3  4567    23
   3.7    14    2.2    61[] 
 []

[18]
File: textbook_files/figure-latex/hist-1.pdf Graphic file (type pdf)
<use textbook_files/figure-latex/hist-1.pdf>
[19]
File: textbook_files/figure-latex/hist2-1.pdf Graphic file (type pdf)
<use textbook_files/figure-latex/hist2-1.pdf>
[20]
File: textbook_files/figure-latex/hist3-1.pdf Graphic file (type pdf)
<use textbook_files/figure-latex/hist3-1.pdf>
[21]
File: textbook_files/figure-latex/bar-1.pdf Graphic file (type pdf)
<use textbook_files/figure-latex/bar-1.pdf>
[22]
File: textbook_files/figure-latex/bar2-1.pdf Graphic file (type pdf)
<use textbook_files/figure-latex/bar2-1.pdf>
[23]
File: textbook_files/figure-latex/bar3-1.pdf Graphic file (type pdf)
<use textbook_files/figure-latex/bar3-1.pdf>
[24]
File: textbook_files/figure-latex/unnamed-chunk-11-1.pdf Graphic file (type pdf
)
<use textbook_files/figure-latex/unnamed-chunk-11-1.pdf>
[25]
File: textbook_files/figure-latex/scatter1-1.pdf Graphic file (type pdf)
<use textbook_files/figure-latex/scatter1-1.pdf>
[26]
File: textbook_files/figure-latex/scatter2-1.pdf Graphic file (type pdf)
<use textbook_files/figure-latex/scatter2-1.pdf>
[27]
File: textbook_files/figure-latex/scatter3-1.pdf Graphic file (type pdf)
<use textbook_files/figure-latex/scatter3-1.pdf>
[28]
File: textbook_files/figure-latex/scatter4-1.pdf Graphic file (type pdf)
<use textbook_files/figure-latex/scatter4-1.pdf>
[29] [30]
LaTeX Font Info:    Font shape `TU/lmtt/bx/n' in size <10.95> not available
(Font)              Font shape `TU/lmtt/b/n' tried instead on input line 1106.
[31] [32] [33]
Underfull \hbox (badness 10000) in paragraph at lines 1268--1272

 []

[34]
Overfull \hbox (35.96364pt too wide) in paragraph at lines 1292--1303
 [][] 
 []

[35]
File: textbook_files/figure-latex/unnamed-chunk-18-1.pdf Graphic file (type pdf
)
<use textbook_files/figure-latex/unnamed-chunk-18-1.pdf>
File: textbook_files/figure-latex/unnamed-chunk-18-2.pdf Graphic file (type pdf
)
<use textbook_files/figure-latex/unnamed-chunk-18-2.pdf>

Underfull \vbox (badness 10000) has occurred while \output is active []

[36] [37] [38]
File: textbook_files/figure-latex/unnamed-chunk-20-1.pdf Graphic file (type pdf
)
<use textbook_files/figure-latex/unnamed-chunk-20-1.pdf>
[39]
Underfull \hbox (badness 10000) in paragraph at lines 1447--1448

 []


Underfull \hbox (badness 10000) in paragraph at lines 1457--1458

 []


Underfull \hbox (badness 10000) in paragraph at lines 1459--1460

 []


Underfull \hbox (badness 10000) in paragraph at lines 1461--1462

 []

[40] [41] [42]
File: textbook_files/figure-latex/unnamed-chunk-23-1.pdf Graphic file (type pdf
)
<use textbook_files/figure-latex/unnamed-chunk-23-1.pdf>
File: textbook_files/figure-latex/unnamed-chunk-24-1.pdf Graphic file (type pdf
)
<use textbook_files/figure-latex/unnamed-chunk-24-1.pdf>
[43] [44] [45] [46]
Overfull \hbox (8.7369pt too wide) in paragraph at lines 1759--1760
\TU/lmr/m/n/10.95 The authors of Basketball Data Science With Applications in 
R developed the \TU/lmtt/m/n/10.95 BasketballAnalyzeR
 []


Overfull \hbox (0.64862pt too wide) in paragraph at lines 1774--1785
 [][] 
 []

[47]
File: textbook_files/figure-latex/basketballanalyzer 3-1.pdf Graphic file (type
 pdf)
<use textbook_files/figure-latex/basketballanalyzer 3-1.pdf>
File: textbook_files/figure-latex/basketballanalyzer 4-1.pdf Graphic file (type
 pdf)
<use textbook_files/figure-latex/basketballanalyzer 4-1.pdf>

Underfull \vbox (badness 10000) has occurred while \output is active []

[48]
File: textbook_files/figure-latex/basketballanalyzer 5-1.pdf Graphic file (type
 pdf)
<use textbook_files/figure-latex/basketballanalyzer 5-1.pdf>

Underfull \vbox (badness 10000) has occurred while \output is active []

[49]
File: textbook_files/figure-latex/basketballanalyzer 6-1.pdf Graphic file (type
 pdf)
<use textbook_files/figure-latex/basketballanalyzer 6-1.pdf>

Underfull \vbox (badness 10000) has occurred while \output is active []

[50]
File: textbook_files/figure-latex/basketballanalyzer 7-1.pdf Graphic file (type
 pdf)
<use textbook_files/figure-latex/basketballanalyzer 7-1.pdf>

Underfull \vbox (badness 10000) has occurred while \output is active []

[51]
File: textbook_files/figure-latex/basketballanalyzer 7-2.pdf Graphic file (type
 pdf)
<use textbook_files/figure-latex/basketballanalyzer 7-2.pdf>
[52]
File: textbook_files/figure-latex/basketballanalyzer 7-3.pdf Graphic file (type
 pdf)
<use textbook_files/figure-latex/basketballanalyzer 7-3.pdf>
File: textbook_files/figure-latex/basketballanalyzer 8-1.pdf Graphic file (type
 pdf)
<use textbook_files/figure-latex/basketballanalyzer 8-1.pdf>

Underfull \vbox (badness 10000) has occurred while \output is active []

[53] [54] [55]
Underfull \vbox (badness 10000) has occurred while \output is active []

[56]
File: textbook_files/figure-latex/unnamed-chunk-27-1.pdf Graphic file (type pdf
)
<use textbook_files/figure-latex/unnamed-chunk-27-1.pdf>

Underfull \vbox (badness 10000) has occurred while \output is active []

[57]
File: textbook_files/figure-latex/unnamed-chunk-28-1.pdf Graphic file (type pdf
)
<use textbook_files/figure-latex/unnamed-chunk-28-1.pdf>

Underfull \vbox (badness 10000) has occurred while \output is active []

[58]
Underfull \hbox (badness 10000) in paragraph at lines 2091--2095

 []


Underfull \hbox (badness 10000) in paragraph at lines 2091--2095

 []


Underfull \hbox (badness 10000) in paragraph at lines 2091--2095

 []


Underfull \hbox (badness 10000) in paragraph at lines 2091--2095

 []


Underfull \hbox (badness 10000) in paragraph at lines 2098--2102

 []


Underfull \hbox (badness 10000) in paragraph at lines 2098--2102

 []


Underfull \hbox (badness 10000) in paragraph at lines 2098--2102

 []


Underfull \hbox (badness 10000) in paragraph at lines 2098--2102

 []

[59]
Overfull \hbox (38.51239pt too wide) in paragraph at lines 2123--2139
 [][] 
 []

File: textbook_files/figure-latex/unnamed-chunk-30-1.pdf Graphic file (type pdf
)
<use textbook_files/figure-latex/unnamed-chunk-30-1.pdf>
[60]
Underfull \hbox (badness 10000) in paragraph at lines 2189--2192

 []


Underfull \hbox (badness 10000) in paragraph at lines 2189--2192

 []


Underfull \hbox (badness 10000) in paragraph at lines 2189--2192

 []


Underfull \hbox (badness 10000) in paragraph at lines 2195--2198

 []


Underfull \hbox (badness 10000) in paragraph at lines 2195--2198

 []


Underfull \hbox (badness 10000) in paragraph at lines 2195--2198

 []

[61]
File: textbook_files/figure-latex/unnamed-chunk-31-1.pdf Graphic file (type pdf
)
<use textbook_files/figure-latex/unnamed-chunk-31-1.pdf>

Underfull \hbox (badness 10000) in paragraph at lines 2221--2226

 []


Overfull \vbox (1.14883pt too high) detected at line 2236
 []

[62]
File: textbook_files/figure-latex/hockey ggplot 6-1.pdf Graphic file (type pdf)

<use textbook_files/figure-latex/hockey ggplot 6-1.pdf>
[63]
Overfull \hbox (4.62709pt too wide) in paragraph at lines 2280--2296
 [][] 
 []

[64]
File: textbook_files/figure-latex/unnamed-chunk-33-1.pdf Graphic file (type pdf
)
<use textbook_files/figure-latex/unnamed-chunk-33-1.pdf>
[65]
File: textbook_files/figure-latex/unnamed-chunk-34-1.pdf Graphic file (type pdf
)
<use textbook_files/figure-latex/unnamed-chunk-34-1.pdf>
[66]
File: textbook_files/figure-latex/unnamed-chunk-35-1.pdf Graphic file (type pdf
)
<use textbook_files/figure-latex/unnamed-chunk-35-1.pdf>
File: textbook_files/figure-latex/unnamed-chunk-35-2.pdf Graphic file (type pdf
)
<use textbook_files/figure-latex/unnamed-chunk-35-2.pdf>
[67]
File: textbook_files/figure-latex/unnamed-chunk-36-1.pdf Graphic file (type pdf
)
<use textbook_files/figure-latex/unnamed-chunk-36-1.pdf>
File: textbook_files/figure-latex/unnamed-chunk-36-2.pdf Graphic file (type pdf
)
<use textbook_files/figure-latex/unnamed-chunk-36-2.pdf>
[68] [69]
File: textbook_files/figure-latex/unnamed-chunk-40-1.pdf Graphic file (type pdf
)
<use textbook_files/figure-latex/unnamed-chunk-40-1.pdf>
[70]
File: textbook_files/figure-latex/unnamed-chunk-41-1.pdf Graphic file (type pdf
)
<use textbook_files/figure-latex/unnamed-chunk-41-1.pdf>
[71]
File: textbook_files/figure-latex/unnamed-chunk-42-1.pdf Graphic file (type pdf
)
<use textbook_files/figure-latex/unnamed-chunk-42-1.pdf>
[72]
File: textbook_files/figure-latex/unnamed-chunk-43-1.pdf Graphic file (type pdf
)
<use textbook_files/figure-latex/unnamed-chunk-43-1.pdf>
[73]
File: textbook_files/figure-latex/unnamed-chunk-44-1.pdf Graphic file (type pdf
)
<use textbook_files/figure-latex/unnamed-chunk-44-1.pdf>
[74] [75]
File: textbook_files/figure-latex/unnamed-chunk-46-1.pdf Graphic file (type pdf
)
<use textbook_files/figure-latex/unnamed-chunk-46-1.pdf>
[76]
Chapter 2.

Underfull \hbox (badness 10000) in paragraph at lines 2633--2638

 []


Underfull \hbox (badness 10000) in paragraph at lines 2633--2638

 []


Underfull \hbox (badness 10000) in paragraph at lines 2633--2638

 []


Underfull \hbox (badness 10000) in paragraph at lines 2633--2638

 []


Underfull \hbox (badness 10000) in paragraph at lines 2633--2638

 []


Underfull \hbox (badness 10000) in paragraph at lines 2643--2647

 []

[77

]
Underfull \hbox (badness 10000) in paragraph at lines 2667--2672

 []


Underfull \hbox (badness 10000) in paragraph at lines 2667--2672

 []


Underfull \hbox (badness 10000) in paragraph at lines 2667--2672

 []


Underfull \hbox (badness 10000) in paragraph at lines 2667--2672

 []


Underfull \hbox (badness 10000) in paragraph at lines 2667--2672

 []


Underfull \hbox (badness 10000) in paragraph at lines 2682--2687

 []


Underfull \hbox (badness 10000) in paragraph at lines 2682--2687

 []


Underfull \hbox (badness 10000) in paragraph at lines 2682--2687

 []


Underfull \hbox (badness 10000) in paragraph at lines 2682--2687

 []


Underfull \hbox (badness 10000) in paragraph at lines 2682--2687

 []

[78]
Underfull \hbox (badness 10000) in paragraph at lines 2699--2704

 []


Underfull \hbox (badness 10000) in paragraph at lines 2699--2704

 []


Underfull \hbox (badness 10000) in paragraph at lines 2699--2704

 []


Underfull \hbox (badness 10000) in paragraph at lines 2699--2704

 []


Underfull \hbox (badness 10000) in paragraph at lines 2699--2704

 []


Underfull \hbox (badness 10000) in paragraph at lines 2715--2720

 []


Underfull \hbox (badness 10000) in paragraph at lines 2715--2720

 []


Underfull \hbox (badness 10000) in paragraph at lines 2715--2720

 []


Underfull \hbox (badness 10000) in paragraph at lines 2715--2720

 []


Underfull \hbox (badness 10000) in paragraph at lines 2715--2720

 []


Underfull \hbox (badness 10000) in paragraph at lines 2730--2735

 []


Underfull \hbox (badness 10000) in paragraph at lines 2730--2735

 []


Underfull \hbox (badness 10000) in paragraph at lines 2730--2735

 []


Underfull \hbox (badness 10000) in paragraph at lines 2730--2735

 []


Underfull \hbox (badness 10000) in paragraph at lines 2730--2735

 []

[79]
Underfull \hbox (badness 10000) in paragraph at lines 2751--2753

 []


Underfull \hbox (badness 10000) in paragraph at lines 2753--2755

 []


Underfull \hbox (badness 10000) in paragraph at lines 2755--2757

 []


Underfull \hbox (badness 10000) in paragraph at lines 2768--2770

 []


Underfull \hbox (badness 10000) in paragraph at lines 2770--2772

 []


Underfull \hbox (badness 10000) in paragraph at lines 2772--2774

 []


Underfull \hbox (badness 10000) in paragraph at lines 2774--2776

 []


Underfull \hbox (badness 10000) in paragraph at lines 2776--2778

 []


Underfull \hbox (badness 10000) in paragraph at lines 2778--2779

 []

[80]
Underfull \hbox (badness 10000) in paragraph at lines 2790--2794

 []


Underfull \hbox (badness 10000) in paragraph at lines 2796--2800

 []


Underfull \hbox (badness 10000) in paragraph at lines 2803--2804

 []


Underfull \hbox (badness 10000) in paragraph at lines 2809--2813

 []


Underfull \hbox (badness 10000) in paragraph at lines 2815--2819

 []


Underfull \hbox (badness 10000) in paragraph at lines 2821--2825

 []


Underfull \hbox (badness 10000) in paragraph at lines 2827--2831

 []

[81]
Underfull \hbox (badness 10000) in paragraph at lines 2852--2853

 []


Underfull \hbox (badness 10000) in paragraph at lines 2862--2863

 []


Underfull \hbox (badness 10000) in paragraph at lines 2872--2873

 []


Underfull \hbox (badness 10000) in paragraph at lines 2882--2883

 []


Underfull \hbox (badness 10000) in paragraph at lines 2892--2893

 []


Underfull \hbox (badness 10000) in paragraph at lines 2902--2903

 []

[82]
Underfull \hbox (badness 10000) in paragraph at lines 2920--2923

 []

[83]
Underfull \hbox (badness 10000) in paragraph at lines 2963--2964

 []


Underfull \hbox (badness 10000) in paragraph at lines 2973--2974

 []


Underfull \hbox (badness 10000) in paragraph at lines 2983--2984

 []

[84]

Package amsmath Warning: Foreign command \atopwithdelims;
(amsmath)                \frac or \genfrac should be used instead
(amsmath)                 on input line 3018.

[85] [86]
Underfull \hbox (badness 10000) in paragraph at lines 3052--3055

 []


Underfull \hbox (badness 10000) in paragraph at lines 3056--3057

 []


Underfull \hbox (badness 10000) in paragraph at lines 3062--3065

 []


Underfull \hbox (badness 10000) in paragraph at lines 3062--3065

 []


Underfull \hbox (badness 10000) in paragraph at lines 3062--3065

 []


Underfull \hbox (badness 10000) in paragraph at lines 3071--3074

 []


Underfull \hbox (badness 10000) in paragraph at lines 3071--3074

 []


Underfull \hbox (badness 10000) in paragraph at lines 3071--3074

 []

[87] [88]
Underfull \hbox (badness 10000) in paragraph at lines 3146--3147

 []


Underfull \hbox (badness 10000) in paragraph at lines 3165--3166

 []

[89] [90]
File: textbook_files/figure-latex/unnamed-chunk-50-1.pdf Graphic file (type pdf
)
<use textbook_files/figure-latex/unnamed-chunk-50-1.pdf>
[91]
Underfull \hbox (badness 10000) in paragraph at lines 3269--3274

 []


Underfull \hbox (badness 10000) in paragraph at lines 3274--3279

 []


Underfull \hbox (badness 10000) in paragraph at lines 3279--3284

 []


Underfull \hbox (badness 10000) in paragraph at lines 3284--3289

 []


Underfull \hbox (badness 10000) in paragraph at lines 3289--3294

 []


Underfull \hbox (badness 10000) in paragraph at lines 3294--3298

 []

[92]
File: textbook_files/figure-latex/unnamed-chunk-51-1.pdf Graphic file (type pdf
)
<use textbook_files/figure-latex/unnamed-chunk-51-1.pdf>
[93]
Underfull \hbox (badness 10000) in paragraph at lines 3340--3344

 []

[94]
Underfull \hbox (badness 10000) in paragraph at lines 3387--3392

 []


Underfull \hbox (badness 10000) in paragraph at lines 3392--3397

 []


Underfull \hbox (badness 10000) in paragraph at lines 3397--3401

 []

[95]
File: textbook_files/figure-latex/unnamed-chunk-55-1.pdf Graphic file (type pdf
)
<use textbook_files/figure-latex/unnamed-chunk-55-1.pdf>
[96]
Underfull \hbox (badness 10000) in paragraph at lines 3478--3482

 []

[97]
File: textbook_files/figure-latex/unnamed-chunk-57-1.pdf Graphic file (type pdf
)
<use textbook_files/figure-latex/unnamed-chunk-57-1.pdf>
[98]
Underfull \hbox (badness 10000) in paragraph at lines 3573--3577

 []


Underfull \hbox (badness 10000) in paragraph at lines 3585--3589

 []

[99]
Underfull \hbox (badness 10000) in paragraph at lines 3599--3600

 []

File: textbook_files/figure-latex/unnamed-chunk-59-1.pdf Graphic file (type pdf
)
<use textbook_files/figure-latex/unnamed-chunk-59-1.pdf>

Underfull \hbox (badness 10000) in paragraph at lines 3623--3627

 []

[100]
File: textbook_files/figure-latex/unnamed-chunk-60-1.pdf Graphic file (type pdf
)
<use textbook_files/figure-latex/unnamed-chunk-60-1.pdf>
[101]
File: textbook_files/figure-latex/unnamed-chunk-61-1.pdf Graphic file (type pdf
)
<use textbook_files/figure-latex/unnamed-chunk-61-1.pdf>

Underfull \hbox (badness 10000) in paragraph at lines 3684--3688

 []

[102] [103]
File: textbook_files/figure-latex/unnamed-chunk-64-1.pdf Graphic file (type pdf
)
<use textbook_files/figure-latex/unnamed-chunk-64-1.pdf>

Underfull \hbox (badness 10000) in paragraph at lines 3775--3779

 []

[104]
File: textbook_files/figure-latex/unnamed-chunk-66-1.pdf Graphic file (type pdf
)
<use textbook_files/figure-latex/unnamed-chunk-66-1.pdf>

Underfull \vbox (badness 10000) has occurred while \output is active []

[105] [106]
File: textbook_files/figure-latex/unnamed-chunk-69-1.pdf Graphic file (type pdf
)
<use textbook_files/figure-latex/unnamed-chunk-69-1.pdf>

Underfull \hbox (badness 10000) in paragraph at lines 3937--3941

 []

[107]
Underfull \hbox (badness 10000) in paragraph at lines 3972--3976

 []


Underfull \hbox (badness 10000) in paragraph at lines 3978--3982

 []


Underfull \hbox (badness 10000) in paragraph at lines 3984--3988

 []

[108]
Underfull \hbox (badness 10000) in paragraph at lines 3997--4001

 []


Underfull \hbox (badness 10000) in paragraph at lines 4003--4007

 []

[109]
Underfull \hbox (badness 10000) in paragraph at lines 4070--4071

 []

[110]
File: textbook_files/figure-latex/unnamed-chunk-72-1.pdf Graphic file (type pdf
)
<use textbook_files/figure-latex/unnamed-chunk-72-1.pdf>
[111]
Underfull \hbox (badness 10000) in paragraph at lines 4131--4132

 []

File: textbook_files/figure-latex/unnamed-chunk-73-1.pdf Graphic file (type pdf
)
<use textbook_files/figure-latex/unnamed-chunk-73-1.pdf>
[112]
Underfull \hbox (badness 10000) in paragraph at lines 4181--4182

 []

[113]
File: images/wp1.png Graphic file (type bmp)
<images/wp1.png>
File: images/wp2.png Graphic file (type bmp)
<images/wp2.png>
[114]
Chapter 3.
[115

]
Underfull \hbox (badness 10000) in paragraph at lines 4270--4271

 []

[116]
Underfull \hbox (badness 10000) in paragraph at lines 4304--4305

 []


Underfull \hbox (badness 10000) in paragraph at lines 4314--4315

 []


Underfull \hbox (badness 10000) in paragraph at lines 4324--4325

 []

[117] [118]
Underfull \hbox (badness 10000) in paragraph at lines 4378--4379

 []


Underfull \hbox (badness 10000) in paragraph at lines 4388--4389

 []


Underfull \hbox (badness 10000) in paragraph at lines 4398--4399

 []


Underfull \hbox (badness 10000) in paragraph at lines 4408--4409

 []

[119]
Underfull \hbox (badness 10000) in paragraph at lines 4432--4436

 []


Underfull \hbox (badness 10000) in paragraph at lines 4438--4442

 []


Underfull \hbox (badness 10000) in paragraph at lines 4444--4448

 []


Underfull \hbox (badness 10000) in paragraph at lines 4450--4454

 []

[120]
Underfull \hbox (badness 10000) in paragraph at lines 4466--4470

 []


Underfull \hbox (badness 10000) in paragraph at lines 4472--4476

 []


Underfull \hbox (badness 10000) in paragraph at lines 4478--4482

 []

[121]
Underfull \hbox (badness 10000) in paragraph at lines 4502--4506

 []


Underfull \hbox (badness 10000) in paragraph at lines 4508--4512

 []


Underfull \hbox (badness 10000) in paragraph at lines 4514--4518

 []


Underfull \hbox (badness 10000) in paragraph at lines 4520--4524

 []


Underfull \hbox (badness 10000) in paragraph at lines 4526--4530

 []


Underfull \hbox (badness 10000) in paragraph at lines 4532--4536

 []

[122]
Underfull \hbox (badness 10000) in paragraph at lines 4554--4558

 []


Underfull \hbox (badness 10000) in paragraph at lines 4560--4564

 []


Underfull \hbox (badness 10000) in paragraph at lines 4566--4570

 []

[123]
Underfull \hbox (badness 10000) in paragraph at lines 4586--4590

 []


Underfull \hbox (badness 10000) in paragraph at lines 4592--4596

 []


Underfull \hbox (badness 10000) in paragraph at lines 4598--4602

 []


Underfull \hbox (badness 10000) in paragraph at lines 4604--4608

 []

[124]
Chapter 4.
[125

] [126] [127]
File: textbook_files/figure-latex/unnamed-chunk-81-1.pdf Graphic file (type pdf
)
<use textbook_files/figure-latex/unnamed-chunk-81-1.pdf>
[128]
Underfull \vbox (badness 10000) has occurred while \output is active []

[129] [130] [131] [132] [133] [134] [135] [136]
File: textbook_files/figure-latex/unnamed-chunk-90-1.pdf Graphic file (type pdf
)
<use textbook_files/figure-latex/unnamed-chunk-90-1.pdf>
[137] [138]
Overfull \hbox (1.64238pt too wide) in paragraph at lines 5320--5320
[]\TU/lmtt/m/n/10.95 ##   [1] 4 4 4 9 4 4 4 5 2 5 5 5 4 5 4 4 4 4 4 4 5 5 4 5 9
 7 4 4 5 5 5 5 5 5 6 4 5[] 
 []


Overfull \hbox (1.64238pt too wide) in paragraph at lines 5320--5320
[]\TU/lmtt/m/n/10.95 ##  [38] 4 5 4 5 5 4 4 5 4 5 7 2 5 4 5 4 4 4 4 4 5 4 4 4 5
 6 4 4 5 4 4 5 4 5 6 4 5[] 
 []


Overfull \hbox (1.64238pt too wide) in paragraph at lines 5320--5320
[]\TU/lmtt/m/n/10.95 ##  [75] 4 4 4 4 5 4 5 4 5 4 5 3 5 5 3 5 4 2 4 5 4 4 4 4 5
 5 4 5 5 4 5 5 4 5 5 5 4[] 
 []

[139]
Overfull \hbox (1.64238pt too wide) in paragraph at lines 5356--5356
[]\TU/lmtt/m/n/10.95 ##   6   7   8   9  10  11  12  13  14  15  16  17  18  19
  20  21  22  23  24  25[] 
 []


Overfull \hbox (1.64238pt too wide) in paragraph at lines 5356--5356
[]\TU/lmtt/m/n/10.95 ##   3  11  38 127 306 510 756 811 908 920 807 790 685 595
 474 421 333 272 258 186[] 
 []


Overfull \hbox (1.64238pt too wide) in paragraph at lines 5356--5356
[]\TU/lmtt/m/n/10.95 ##  26  27  28  29  30  31  32  33  34  35  36  37  38  39
  40  41  42  43  44  45[] 
 []


Overfull \hbox (1.64238pt too wide) in paragraph at lines 5356--5356
[]\TU/lmtt/m/n/10.95 ## 142 139 100  81  68  45  51  28  22  16  13  23  14  11
   7   1   5   3   4   5[] 
 []

File: textbook_files/figure-latex/unnamed-chunk-93-1.pdf Graphic file (type pdf
)
<use textbook_files/figure-latex/unnamed-chunk-93-1.pdf>
[140]
File: textbook_files/figure-latex/unnamed-chunk-96-1.pdf Graphic file (type pdf
)
<use textbook_files/figure-latex/unnamed-chunk-96-1.pdf>

Underfull \vbox (badness 10000) has occurred while \output is active []

[141] [142]
File: textbook_files/figure-latex/unnamed-chunk-97-1.pdf Graphic file (type pdf
)
<use textbook_files/figure-latex/unnamed-chunk-97-1.pdf>

Underfull \vbox (badness 10000) has occurred while \output is active []

[143] [144]
File: textbook_files/figure-latex/unnamed-chunk-98-1.pdf Graphic file (type pdf
)
<use textbook_files/figure-latex/unnamed-chunk-98-1.pdf>
[145]
File: textbook_files/figure-latex/unnamed-chunk-100-1.pdf Graphic file (type pd
f)
<use textbook_files/figure-latex/unnamed-chunk-100-1.pdf>

Underfull \vbox (badness 1062) has occurred while \output is active []

[146] [147]
File: textbook_files/figure-latex/unnamed-chunk-101-1.pdf Graphic file (type pd
f)
<use textbook_files/figure-latex/unnamed-chunk-101-1.pdf>
[148] [149]
File: textbook_files/figure-latex/unnamed-chunk-106-1.pdf Graphic file (type pd
f)
<use textbook_files/figure-latex/unnamed-chunk-106-1.pdf>
[150] [151]
File: textbook_files/figure-latex/unnamed-chunk-107-1.pdf Graphic file (type pd
f)
<use textbook_files/figure-latex/unnamed-chunk-107-1.pdf>
[152] [153]
File: textbook_files/figure-latex/unnamed-chunk-108-1.pdf Graphic file (type pd
f)
<use textbook_files/figure-latex/unnamed-chunk-108-1.pdf>
[154] [155] [156] [157] [158

]
Chapter 5.
[159] [160]
Underfull \hbox (badness 10000) in paragraph at lines 6164--6166

 []


Underfull \hbox (badness 10000) in paragraph at lines 6166--6168

 []


Underfull \hbox (badness 10000) in paragraph at lines 6197--6199

 []

[161]
Underfull \hbox (badness 10000) in paragraph at lines 6210--6211

 []


Underfull \hbox (badness 10000) in paragraph at lines 6213--6214

 []


Underfull \hbox (badness 10000) in paragraph at lines 6216--6217

 []


Underfull \hbox (badness 10000) in paragraph at lines 6219--6220

 []


Underfull \hbox (badness 10000) in paragraph at lines 6222--6223

 []


Underfull \hbox (badness 10000) in paragraph at lines 6225--6226

 []

[162] [163] [164] [165] [166] [167] [168] [169] [170] [171] [172] [173] [174

]
Chapter 6.
File: textbook_files/figure-latex/correlation properties 2-1.pdf Graphic file (
type pdf)
<use textbook_files/figure-latex/correlation properties 2-1.pdf>
File: textbook_files/figure-latex/correlation properties 2-2.pdf Graphic file (
type pdf)
<use textbook_files/figure-latex/correlation properties 2-2.pdf>

Underfull \hbox (badness 10000) in paragraph at lines 6547--6548
[][]
 []


Underfull \vbox (badness 10000) has occurred while \output is active []

[175]
Underfull \vbox (badness 1253) has occurred while \output is active []

[176] [177] [178]
Chapter 7.
[179

] [180] [181] [182

]
Chapter 8.
[183] [184

]
Chapter 9.
[185] [186

]
Chapter 10.
[187] [188

]
Chapter 11.
[189] [190

]
Chapter 12.
[191] [192

]
Chapter 13.
[193] [194

]
Chapter 14.
[195] [196

]
Chapter 15.
[197] [198

]
Chapter 16.
[199] [200

]
Chapter 17.
[201] [202

]
Chapter 18.
No file textbook.bbl.
[203] (./textbook.aux) ) 
Here is how much of TeX's memory you used:
 22885 strings out of 476179
 436105 string characters out of 5809544
 905740 words of memory out of 5000000
 43194 multiletter control sequences out of 15000+600000
 475878 words of font info for 90 fonts, out of 8000000 for 9000
 1348 hyphenation exceptions out of 8191
 86i,10n,121p,1131b,512s stack positions out of 10000i,1000n,20000p,200000b,200000s

Output written on textbook.pdf (203 pages).
